#
# There is insufficient memory for the Java Runtime Environment to continue.
# Native memory allocation (malloc) failed to allocate 412384 bytes for Chunk::new
# Possible reasons:
#   The system is out of physical RAM or swap space
#   The process is running with CompressedOops enabled, and the Java Heap may be blocking the growth of the native heap
# Possible solutions:
#   Reduce memory load on the system
#   Increase physical memory or swap space
#   Check if swap backing store is full
#   Decrease Java heap size (-Xmx/-Xms)
#   Decrease number of Java threads
#   Decrease Java thread stack sizes (-Xss)
#   Set larger code cache with -XX:ReservedCodeCacheSize=
#   JVM is running with Zero Based Compressed Oops mode in which the Java heap is
#     placed in the first 32GB address space. The Java Heap base address is the
#     maximum limit for the native heap growth. Please use -XX:HeapBaseMinAddress
#     to set the Java Heap base and to place the Java Heap above 32GB virtual address.
# This output file may be truncated or incomplete.
#
#  Out of Memory Error (arena.cpp:189), pid=17460, tid=23076
#
# JRE version: Java(TM) SE Runtime Environment (17.0.12+8) (build 17.0.12+8-LTS-286)
# Java VM: Java HotSpot(TM) 64-Bit Server VM (17.0.12+8-LTS-286, mixed mode, sharing, tiered, compressed oops, compressed class ptrs, g1 gc, windows-amd64)
# No core dump will be written. Minidumps are not enabled by default on client versions of Windows
#

---------------  S U M M A R Y ------------

Command Line: C:\Users\Natali\AppData\Local\Temp\surefire10748859802229691330\surefirebooter-20250220235415443_3.jar C:\Users\Natali\AppData\Local\Temp\surefire10748859802229691330 2025-02-20T23-54-13_866-jvmRun1 surefire-20250220235415443_1tmp surefire_0-20250220235415443_2tmp

Host: 11th Gen Intel(R) Core(TM) i5-1135G7 @ 2.40GHz, 8 cores, 31G,  Windows 11 , 64 bit Build 26100 (10.0.26100.3037)
Time: Thu Feb 20 23:54:27 2025 Russia TZ 4 Standard Time elapsed time: 11.986878 seconds (0d 0h 0m 11s)

---------------  T H R E A D  ---------------

Current thread (0x0000020b4ec389a0):  JavaThread "C2 CompilerThread0" daemon [_thread_in_native, id=23076, stack(0x00000095b9200000,0x00000095b9300000)]


Current CompileTask:
C2:  11986 1423   !   4       java.util.concurrent.ConcurrentHashMap::transfer (849 bytes)

Stack: [0x00000095b9200000,0x00000095b9300000]
Native frames: (J=compiled Java code, j=interpreted, Vv=VM code, C=native code)
V  [jvm.dll+0x67a04a]
V  [jvm.dll+0x7da4ed]
V  [jvm.dll+0x7dbe33]
V  [jvm.dll+0x7dc4a3]
V  [jvm.dll+0x24508f]
V  [jvm.dll+0xab773]
V  [jvm.dll+0xabd3c]
V  [jvm.dll+0x361bee]
V  [jvm.dll+0x32c431]
V  [jvm.dll+0x32b8ca]
V  [jvm.dll+0x21683f]
V  [jvm.dll+0x215c6f]
V  [jvm.dll+0x1a2960]
V  [jvm.dll+0x22610b]
V  [jvm.dll+0x2242ab]
V  [jvm.dll+0x79075c]
V  [jvm.dll+0x78abea]
V  [jvm.dll+0x678f35]
C  [ucrtbase.dll+0x37b0]
C  [KERNEL32.DLL+0x2e8d7]
C  [ntdll.dll+0xbbf2c]


---------------  P R O C E S S  ---------------

Threads class SMR info:
_java_thread_list=0x0000020b956e8360, length=14, elements={
0x0000020b2277ca20, 0x0000020b4ec1d300, 0x0000020b4ec1ddd0, 0x0000020b4ec32430,
0x0000020b4ec32d00, 0x0000020b4ec349f0, 0x0000020b4ec358d0, 0x0000020b4ec389a0,
0x0000020b4ec49980, 0x0000020b4ec4c130, 0x0000020b4f5a4d40, 0x0000020b4f5a7450,
0x0000020b4f6789c0, 0x0000020b95133400
}

Java Threads: ( => current thread )
  0x0000020b2277ca20 JavaThread "main" [_thread_in_native, id=24912, stack(0x00000095b8500000,0x00000095b8600000)]
  0x0000020b4ec1d300 JavaThread "Reference Handler" daemon [_thread_blocked, id=17472, stack(0x00000095b8c00000,0x00000095b8d00000)]
  0x0000020b4ec1ddd0 JavaThread "Finalizer" daemon [_thread_blocked, id=19612, stack(0x00000095b8d00000,0x00000095b8e00000)]
  0x0000020b4ec32430 JavaThread "Signal Dispatcher" daemon [_thread_blocked, id=21920, stack(0x00000095b8e00000,0x00000095b8f00000)]
  0x0000020b4ec32d00 JavaThread "Attach Listener" daemon [_thread_blocked, id=10728, stack(0x00000095b8f00000,0x00000095b9000000)]
  0x0000020b4ec349f0 JavaThread "Service Thread" daemon [_thread_blocked, id=24268, stack(0x00000095b9000000,0x00000095b9100000)]
  0x0000020b4ec358d0 JavaThread "Monitor Deflation Thread" daemon [_thread_blocked, id=27556, stack(0x00000095b9100000,0x00000095b9200000)]
=>0x0000020b4ec389a0 JavaThread "C2 CompilerThread0" daemon [_thread_in_native, id=23076, stack(0x00000095b9200000,0x00000095b9300000)]
  0x0000020b4ec49980 JavaThread "C1 CompilerThread0" daemon [_thread_blocked, id=25012, stack(0x00000095b9300000,0x00000095b9400000)]
  0x0000020b4ec4c130 JavaThread "Sweeper thread" daemon [_thread_blocked, id=9376, stack(0x00000095b9400000,0x00000095b9500000)]
  0x0000020b4f5a4d40 JavaThread "Notification Thread" daemon [_thread_blocked, id=27156, stack(0x00000095b9500000,0x00000095b9600000)]
  0x0000020b4f5a7450 JavaThread "Common-Cleaner" daemon [_thread_blocked, id=21256, stack(0x00000095b9700000,0x00000095b9800000)]
  0x0000020b4f6789c0 JavaThread "surefire-forkedjvm-stream-flusher" daemon [_thread_blocked, id=23100, stack(0x00000095b9900000,0x00000095b9a00000)]
  0x0000020b95133400 JavaThread "surefire-forkedjvm-command-thread" daemon [_thread_in_native, id=25080, stack(0x00000095b9a00000,0x00000095b9b00000)]

Other Threads:
  0x0000020b4ec19950 VMThread "VM Thread" [stack: 0x00000095b8b00000,0x00000095b8c00000] [id=23688]
  0x0000020b2284c4e0 WatcherThread [stack: 0x00000095b9600000,0x00000095b9700000] [id=14892]
  0x0000020b2282d370 GCTaskThread "GC Thread#0" [stack: 0x00000095b8600000,0x00000095b8700000] [id=21292]
  0x0000020b955bece0 GCTaskThread "GC Thread#1" [stack: 0x00000095b9b00000,0x00000095b9c00000] [id=19956]
  0x0000020b956ec410 GCTaskThread "GC Thread#2" [stack: 0x00000095b9c00000,0x00000095b9d00000] [id=6024]
  0x0000020b956ec6d0 GCTaskThread "GC Thread#3" [stack: 0x00000095b9d00000,0x00000095b9e00000] [id=23612]
  0x0000020b956ec990 GCTaskThread "GC Thread#4" [stack: 0x00000095b9e00000,0x00000095b9f00000] [id=13940]
  0x0000020b956ed460 GCTaskThread "GC Thread#5" [stack: 0x00000095b9f00000,0x00000095ba000000] [id=26540]
  0x0000020b956ed720 GCTaskThread "GC Thread#6" [stack: 0x00000095ba000000,0x00000095ba100000] [id=2264]
  0x0000020b956ed9e0 GCTaskThread "GC Thread#7" [stack: 0x00000095ba100000,0x00000095ba200000] [id=8216]
  0x0000020b2283ecb0 ConcurrentGCThread "G1 Main Marker" [stack: 0x00000095b8700000,0x00000095b8800000] [id=19464]
  0x0000020b22840c20 ConcurrentGCThread "G1 Conc#0" [stack: 0x00000095b8800000,0x00000095b8900000] [id=25024]
  0x0000020b4eb521a0 ConcurrentGCThread "G1 Refine#0" [stack: 0x00000095b8900000,0x00000095b8a00000] [id=20224]
  0x0000020b4eb52980 ConcurrentGCThread "G1 Service" [stack: 0x00000095b8a00000,0x00000095b8b00000] [id=26584]

Threads with active compile tasks:
C2 CompilerThread0    12000 1423   !   4       java.util.concurrent.ConcurrentHashMap::transfer (849 bytes)

VM state: not at safepoint (normal execution)

VM Mutex/Monitor currently owned by a thread: None

Heap address: 0x0000000603c00000, size: 8132 MB, Compressed Oops mode: Zero based, Oop shift amount: 3

CDS archive(s) mapped at: [0x0000020b50000000-0x0000020b50bd0000-0x0000020b50bd0000), size 12386304, SharedBaseAddress: 0x0000020b50000000, ArchiveRelocationMode: 1.
Compressed class space mapped at: 0x0000020b51000000-0x0000020b91000000, reserved size: 1073741824
Narrow klass base: 0x0000020b50000000, Narrow klass shift: 0, Narrow klass range: 0x100000000

GC Precious Log:
 CPUs: 8 total, 8 available
 Memory: 32513M
 Large Page Support: Disabled
 NUMA Support: Disabled
 Compressed Oops: Enabled (Zero based)
 Heap Region Size: 4M
 Heap Min Capacity: 8M
 Heap Initial Capacity: 512M
 Heap Max Capacity: 8132M
 Pre-touch: Disabled
 Parallel Workers: 8
 Concurrent Workers: 2
 Concurrent Refinement Workers: 8
 Periodic GC: Disabled

Heap:
 garbage-first heap   total 524288K, used 5461K [0x0000000603c00000, 0x0000000800000000)
  region size 4096K, 2 young (8192K), 1 survivors (4096K)
 Metaspace       used 11683K, committed 11904K, reserved 1114112K
  class space    used 1454K, committed 1536K, reserved 1048576K

Heap Regions: E=young(eden), S=young(survivor), O=old, HS=humongous(starts), HC=humongous(continues), CS=collection set, F=free, OA=open archive, CA=closed archive, TAMS=top-at-mark-start (previous, next)
|   0|0x0000000603c00000, 0x0000000604000000, 0x0000000604000000|100%| O|  |TAMS 0x0000000603c00000, 0x0000000603c00000| Untracked 
|   1|0x0000000604000000, 0x000000060406b600, 0x0000000604400000| 10%| O|  |TAMS 0x0000000604000000, 0x0000000604000000| Untracked 
|   2|0x0000000604400000, 0x0000000604400000, 0x0000000604800000|  0%| F|  |TAMS 0x0000000604400000, 0x0000000604400000| Untracked 
|   3|0x0000000604800000, 0x0000000604800000, 0x0000000604c00000|  0%| F|  |TAMS 0x0000000604800000, 0x0000000604800000| Untracked 
|   4|0x0000000604c00000, 0x0000000604c00000, 0x0000000605000000|  0%| F|  |TAMS 0x0000000604c00000, 0x0000000604c00000| Untracked 
|   5|0x0000000605000000, 0x0000000605000000, 0x0000000605400000|  0%| F|  |TAMS 0x0000000605000000, 0x0000000605000000| Untracked 
|   6|0x0000000605400000, 0x0000000605400000, 0x0000000605800000|  0%| F|  |TAMS 0x0000000605400000, 0x0000000605400000| Untracked 
|   7|0x0000000605800000, 0x0000000605800000, 0x0000000605c00000|  0%| F|  |TAMS 0x0000000605800000, 0x0000000605800000| Untracked 
|   8|0x0000000605c00000, 0x0000000605c00000, 0x0000000606000000|  0%| F|  |TAMS 0x0000000605c00000, 0x0000000605c00000| Untracked 
|   9|0x0000000606000000, 0x0000000606000000, 0x0000000606400000|  0%| F|  |TAMS 0x0000000606000000, 0x0000000606000000| Untracked 
|  10|0x0000000606400000, 0x0000000606400000, 0x0000000606800000|  0%| F|  |TAMS 0x0000000606400000, 0x0000000606400000| Untracked 
|  11|0x0000000606800000, 0x0000000606800000, 0x0000000606c00000|  0%| F|  |TAMS 0x0000000606800000, 0x0000000606800000| Untracked 
|  12|0x0000000606c00000, 0x0000000606c00000, 0x0000000607000000|  0%| F|  |TAMS 0x0000000606c00000, 0x0000000606c00000| Untracked 
|  13|0x0000000607000000, 0x0000000607000000, 0x0000000607400000|  0%| F|  |TAMS 0x0000000607000000, 0x0000000607000000| Untracked 
|  14|0x0000000607400000, 0x0000000607400000, 0x0000000607800000|  0%| F|  |TAMS 0x0000000607400000, 0x0000000607400000| Untracked 
|  15|0x0000000607800000, 0x0000000607800000, 0x0000000607c00000|  0%| F|  |TAMS 0x0000000607800000, 0x0000000607800000| Untracked 
|  16|0x0000000607c00000, 0x0000000607c00000, 0x0000000608000000|  0%| F|  |TAMS 0x0000000607c00000, 0x0000000607c00000| Untracked 
|  17|0x0000000608000000, 0x0000000608000000, 0x0000000608400000|  0%| F|  |TAMS 0x0000000608000000, 0x0000000608000000| Untracked 
|  18|0x0000000608400000, 0x0000000608400000, 0x0000000608800000|  0%| F|  |TAMS 0x0000000608400000, 0x0000000608400000| Untracked 
|  19|0x0000000608800000, 0x0000000608800000, 0x0000000608c00000|  0%| F|  |TAMS 0x0000000608800000, 0x0000000608800000| Untracked 
|  20|0x0000000608c00000, 0x0000000608c00000, 0x0000000609000000|  0%| F|  |TAMS 0x0000000608c00000, 0x0000000608c00000| Untracked 
|  21|0x0000000609000000, 0x0000000609000000, 0x0000000609400000|  0%| F|  |TAMS 0x0000000609000000, 0x0000000609000000| Untracked 
|  22|0x0000000609400000, 0x0000000609400000, 0x0000000609800000|  0%| F|  |TAMS 0x0000000609400000, 0x0000000609400000| Untracked 
|  23|0x0000000609800000, 0x0000000609800000, 0x0000000609c00000|  0%| F|  |TAMS 0x0000000609800000, 0x0000000609800000| Untracked 
|  24|0x0000000609c00000, 0x0000000609c00000, 0x000000060a000000|  0%| F|  |TAMS 0x0000000609c00000, 0x0000000609c00000| Untracked 
|  25|0x000000060a000000, 0x000000060a000000, 0x000000060a400000|  0%| F|  |TAMS 0x000000060a000000, 0x000000060a000000| Untracked 
|  26|0x000000060a400000, 0x000000060a400000, 0x000000060a800000|  0%| F|  |TAMS 0x000000060a400000, 0x000000060a400000| Untracked 
|  27|0x000000060a800000, 0x000000060a800000, 0x000000060ac00000|  0%| F|  |TAMS 0x000000060a800000, 0x000000060a800000| Untracked 
|  28|0x000000060ac00000, 0x000000060ac00000, 0x000000060b000000|  0%| F|  |TAMS 0x000000060ac00000, 0x000000060ac00000| Untracked 
|  29|0x000000060b000000, 0x000000060b000000, 0x000000060b400000|  0%| F|  |TAMS 0x000000060b000000, 0x000000060b000000| Untracked 
|  30|0x000000060b400000, 0x000000060b400000, 0x000000060b800000|  0%| F|  |TAMS 0x000000060b400000, 0x000000060b400000| Untracked 
|  31|0x000000060b800000, 0x000000060b800000, 0x000000060bc00000|  0%| F|  |TAMS 0x000000060b800000, 0x000000060b800000| Untracked 
|  32|0x000000060bc00000, 0x000000060bc00000, 0x000000060c000000|  0%| F|  |TAMS 0x000000060bc00000, 0x000000060bc00000| Untracked 
|  33|0x000000060c000000, 0x000000060c000000, 0x000000060c400000|  0%| F|  |TAMS 0x000000060c000000, 0x000000060c000000| Untracked 
|  34|0x000000060c400000, 0x000000060c400000, 0x000000060c800000|  0%| F|  |TAMS 0x000000060c400000, 0x000000060c400000| Untracked 
|  35|0x000000060c800000, 0x000000060c800000, 0x000000060cc00000|  0%| F|  |TAMS 0x000000060c800000, 0x000000060c800000| Untracked 
|  36|0x000000060cc00000, 0x000000060cc00000, 0x000000060d000000|  0%| F|  |TAMS 0x000000060cc00000, 0x000000060cc00000| Untracked 
|  37|0x000000060d000000, 0x000000060d000000, 0x000000060d400000|  0%| F|  |TAMS 0x000000060d000000, 0x000000060d000000| Untracked 
|  38|0x000000060d400000, 0x000000060d400000, 0x000000060d800000|  0%| F|  |TAMS 0x000000060d400000, 0x000000060d400000| Untracked 
|  39|0x000000060d800000, 0x000000060d800000, 0x000000060dc00000|  0%| F|  |TAMS 0x000000060d800000, 0x000000060d800000| Untracked 
|  40|0x000000060dc00000, 0x000000060dc00000, 0x000000060e000000|  0%| F|  |TAMS 0x000000060dc00000, 0x000000060dc00000| Untracked 
|  41|0x000000060e000000, 0x000000060e000000, 0x000000060e400000|  0%| F|  |TAMS 0x000000060e000000, 0x000000060e000000| Untracked 
|  42|0x000000060e400000, 0x000000060e400000, 0x000000060e800000|  0%| F|  |TAMS 0x000000060e400000, 0x000000060e400000| Untracked 
|  43|0x000000060e800000, 0x000000060e800000, 0x000000060ec00000|  0%| F|  |TAMS 0x000000060e800000, 0x000000060e800000| Untracked 
|  44|0x000000060ec00000, 0x000000060ec00000, 0x000000060f000000|  0%| F|  |TAMS 0x000000060ec00000, 0x000000060ec00000| Untracked 
|  45|0x000000060f000000, 0x000000060f000000, 0x000000060f400000|  0%| F|  |TAMS 0x000000060f000000, 0x000000060f000000| Untracked 
|  46|0x000000060f400000, 0x000000060f400000, 0x000000060f800000|  0%| F|  |TAMS 0x000000060f400000, 0x000000060f400000| Untracked 
|  47|0x000000060f800000, 0x000000060f800000, 0x000000060fc00000|  0%| F|  |TAMS 0x000000060f800000, 0x000000060f800000| Untracked 
|  48|0x000000060fc00000, 0x000000060fc00000, 0x0000000610000000|  0%| F|  |TAMS 0x000000060fc00000, 0x000000060fc00000| Untracked 
|  49|0x0000000610000000, 0x0000000610000000, 0x0000000610400000|  0%| F|  |TAMS 0x0000000610000000, 0x0000000610000000| Untracked 
|  50|0x0000000610400000, 0x0000000610400000, 0x0000000610800000|  0%| F|  |TAMS 0x0000000610400000, 0x0000000610400000| Untracked 
|  51|0x0000000610800000, 0x0000000610800000, 0x0000000610c00000|  0%| F|  |TAMS 0x0000000610800000, 0x0000000610800000| Untracked 
|  52|0x0000000610c00000, 0x0000000610c00000, 0x0000000611000000|  0%| F|  |TAMS 0x0000000610c00000, 0x0000000610c00000| Untracked 
|  53|0x0000000611000000, 0x0000000611000000, 0x0000000611400000|  0%| F|  |TAMS 0x0000000611000000, 0x0000000611000000| Untracked 
|  54|0x0000000611400000, 0x0000000611400000, 0x0000000611800000|  0%| F|  |TAMS 0x0000000611400000, 0x0000000611400000| Untracked 
|  55|0x0000000611800000, 0x0000000611800000, 0x0000000611c00000|  0%| F|  |TAMS 0x0000000611800000, 0x0000000611800000| Untracked 
|  56|0x0000000611c00000, 0x0000000611c00000, 0x0000000612000000|  0%| F|  |TAMS 0x0000000611c00000, 0x0000000611c00000| Untracked 
|  57|0x0000000612000000, 0x0000000612000000, 0x0000000612400000|  0%| F|  |TAMS 0x0000000612000000, 0x0000000612000000| Untracked 
|  58|0x0000000612400000, 0x0000000612400000, 0x0000000612800000|  0%| F|  |TAMS 0x0000000612400000, 0x0000000612400000| Untracked 
|  59|0x0000000612800000, 0x0000000612800000, 0x0000000612c00000|  0%| F|  |TAMS 0x0000000612800000, 0x0000000612800000| Untracked 
|  60|0x0000000612c00000, 0x0000000612c00000, 0x0000000613000000|  0%| F|  |TAMS 0x0000000612c00000, 0x0000000612c00000| Untracked 
|  61|0x0000000613000000, 0x0000000613000000, 0x0000000613400000|  0%| F|  |TAMS 0x0000000613000000, 0x0000000613000000| Untracked 
|  62|0x0000000613400000, 0x0000000613400000, 0x0000000613800000|  0%| F|  |TAMS 0x0000000613400000, 0x0000000613400000| Untracked 
|  63|0x0000000613800000, 0x0000000613800000, 0x0000000613c00000|  0%| F|  |TAMS 0x0000000613800000, 0x0000000613800000| Untracked 
|  64|0x0000000613c00000, 0x0000000613c00000, 0x0000000614000000|  0%| F|  |TAMS 0x0000000613c00000, 0x0000000613c00000| Untracked 
|  65|0x0000000614000000, 0x0000000614000000, 0x0000000614400000|  0%| F|  |TAMS 0x0000000614000000, 0x0000000614000000| Untracked 
|  66|0x0000000614400000, 0x0000000614400000, 0x0000000614800000|  0%| F|  |TAMS 0x0000000614400000, 0x0000000614400000| Untracked 
|  67|0x0000000614800000, 0x0000000614800000, 0x0000000614c00000|  0%| F|  |TAMS 0x0000000614800000, 0x0000000614800000| Untracked 
|  68|0x0000000614c00000, 0x0000000614c00000, 0x0000000615000000|  0%| F|  |TAMS 0x0000000614c00000, 0x0000000614c00000| Untracked 
|  69|0x0000000615000000, 0x0000000615000000, 0x0000000615400000|  0%| F|  |TAMS 0x0000000615000000, 0x0000000615000000| Untracked 
|  70|0x0000000615400000, 0x0000000615400000, 0x0000000615800000|  0%| F|  |TAMS 0x0000000615400000, 0x0000000615400000| Untracked 
|  71|0x0000000615800000, 0x0000000615800000, 0x0000000615c00000|  0%| F|  |TAMS 0x0000000615800000, 0x0000000615800000| Untracked 
|  72|0x0000000615c00000, 0x0000000615c00000, 0x0000000616000000|  0%| F|  |TAMS 0x0000000615c00000, 0x0000000615c00000| Untracked 
|  73|0x0000000616000000, 0x0000000616000000, 0x0000000616400000|  0%| F|  |TAMS 0x0000000616000000, 0x0000000616000000| Untracked 
|  74|0x0000000616400000, 0x0000000616400000, 0x0000000616800000|  0%| F|  |TAMS 0x0000000616400000, 0x0000000616400000| Untracked 
|  75|0x0000000616800000, 0x0000000616800000, 0x0000000616c00000|  0%| F|  |TAMS 0x0000000616800000, 0x0000000616800000| Untracked 
|  76|0x0000000616c00000, 0x0000000616c00000, 0x0000000617000000|  0%| F|  |TAMS 0x0000000616c00000, 0x0000000616c00000| Untracked 
|  77|0x0000000617000000, 0x0000000617000000, 0x0000000617400000|  0%| F|  |TAMS 0x0000000617000000, 0x0000000617000000| Untracked 
|  78|0x0000000617400000, 0x0000000617400000, 0x0000000617800000|  0%| F|  |TAMS 0x0000000617400000, 0x0000000617400000| Untracked 
|  79|0x0000000617800000, 0x0000000617800000, 0x0000000617c00000|  0%| F|  |TAMS 0x0000000617800000, 0x0000000617800000| Untracked 
|  80|0x0000000617c00000, 0x0000000617c00000, 0x0000000618000000|  0%| F|  |TAMS 0x0000000617c00000, 0x0000000617c00000| Untracked 
|  81|0x0000000618000000, 0x0000000618000000, 0x0000000618400000|  0%| F|  |TAMS 0x0000000618000000, 0x0000000618000000| Untracked 
|  82|0x0000000618400000, 0x0000000618400000, 0x0000000618800000|  0%| F|  |TAMS 0x0000000618400000, 0x0000000618400000| Untracked 
|  83|0x0000000618800000, 0x0000000618800000, 0x0000000618c00000|  0%| F|  |TAMS 0x0000000618800000, 0x0000000618800000| Untracked 
|  84|0x0000000618c00000, 0x0000000618c00000, 0x0000000619000000|  0%| F|  |TAMS 0x0000000618c00000, 0x0000000618c00000| Untracked 
|  85|0x0000000619000000, 0x0000000619000000, 0x0000000619400000|  0%| F|  |TAMS 0x0000000619000000, 0x0000000619000000| Untracked 
|  86|0x0000000619400000, 0x0000000619400000, 0x0000000619800000|  0%| F|  |TAMS 0x0000000619400000, 0x0000000619400000| Untracked 
|  87|0x0000000619800000, 0x0000000619800000, 0x0000000619c00000|  0%| F|  |TAMS 0x0000000619800000, 0x0000000619800000| Untracked 
|  88|0x0000000619c00000, 0x0000000619c00000, 0x000000061a000000|  0%| F|  |TAMS 0x0000000619c00000, 0x0000000619c00000| Untracked 
|  89|0x000000061a000000, 0x000000061a000000, 0x000000061a400000|  0%| F|  |TAMS 0x000000061a000000, 0x000000061a000000| Untracked 
|  90|0x000000061a400000, 0x000000061a400000, 0x000000061a800000|  0%| F|  |TAMS 0x000000061a400000, 0x000000061a400000| Untracked 
|  91|0x000000061a800000, 0x000000061a800000, 0x000000061ac00000|  0%| F|  |TAMS 0x000000061a800000, 0x000000061a800000| Untracked 
|  92|0x000000061ac00000, 0x000000061ac00000, 0x000000061b000000|  0%| F|  |TAMS 0x000000061ac00000, 0x000000061ac00000| Untracked 
|  93|0x000000061b000000, 0x000000061b000000, 0x000000061b400000|  0%| F|  |TAMS 0x000000061b000000, 0x000000061b000000| Untracked 
|  94|0x000000061b400000, 0x000000061b400000, 0x000000061b800000|  0%| F|  |TAMS 0x000000061b400000, 0x000000061b400000| Untracked 
|  95|0x000000061b800000, 0x000000061b800000, 0x000000061bc00000|  0%| F|  |TAMS 0x000000061b800000, 0x000000061b800000| Untracked 
|  96|0x000000061bc00000, 0x000000061bc00000, 0x000000061c000000|  0%| F|  |TAMS 0x000000061bc00000, 0x000000061bc00000| Untracked 
|  97|0x000000061c000000, 0x000000061c000000, 0x000000061c400000|  0%| F|  |TAMS 0x000000061c000000, 0x000000061c000000| Untracked 
|  98|0x000000061c400000, 0x000000061c400000, 0x000000061c800000|  0%| F|  |TAMS 0x000000061c400000, 0x000000061c400000| Untracked 
|  99|0x000000061c800000, 0x000000061c800000, 0x000000061cc00000|  0%| F|  |TAMS 0x000000061c800000, 0x000000061c800000| Untracked 
| 100|0x000000061cc00000, 0x000000061cc00000, 0x000000061d000000|  0%| F|  |TAMS 0x000000061cc00000, 0x000000061cc00000| Untracked 
| 101|0x000000061d000000, 0x000000061d000000, 0x000000061d400000|  0%| F|  |TAMS 0x000000061d000000, 0x000000061d000000| Untracked 
| 102|0x000000061d400000, 0x000000061d400000, 0x000000061d800000|  0%| F|  |TAMS 0x000000061d400000, 0x000000061d400000| Untracked 
| 103|0x000000061d800000, 0x000000061d800000, 0x000000061dc00000|  0%| F|  |TAMS 0x000000061d800000, 0x000000061d800000| Untracked 
| 104|0x000000061dc00000, 0x000000061dc00000, 0x000000061e000000|  0%| F|  |TAMS 0x000000061dc00000, 0x000000061dc00000| Untracked 
| 105|0x000000061e000000, 0x000000061e000000, 0x000000061e400000|  0%| F|  |TAMS 0x000000061e000000, 0x000000061e000000| Untracked 
| 106|0x000000061e400000, 0x000000061e400000, 0x000000061e800000|  0%| F|  |TAMS 0x000000061e400000, 0x000000061e400000| Untracked 
| 107|0x000000061e800000, 0x000000061e800000, 0x000000061ec00000|  0%| F|  |TAMS 0x000000061e800000, 0x000000061e800000| Untracked 
| 108|0x000000061ec00000, 0x000000061ec00000, 0x000000061f000000|  0%| F|  |TAMS 0x000000061ec00000, 0x000000061ec00000| Untracked 
| 109|0x000000061f000000, 0x000000061f000000, 0x000000061f400000|  0%| F|  |TAMS 0x000000061f000000, 0x000000061f000000| Untracked 
| 110|0x000000061f400000, 0x000000061f400000, 0x000000061f800000|  0%| F|  |TAMS 0x000000061f400000, 0x000000061f400000| Untracked 
| 111|0x000000061f800000, 0x000000061f800000, 0x000000061fc00000|  0%| F|  |TAMS 0x000000061f800000, 0x000000061f800000| Untracked 
| 112|0x000000061fc00000, 0x000000061fc00000, 0x0000000620000000|  0%| F|  |TAMS 0x000000061fc00000, 0x000000061fc00000| Untracked 
| 113|0x0000000620000000, 0x0000000620000000, 0x0000000620400000|  0%| F|  |TAMS 0x0000000620000000, 0x0000000620000000| Untracked 
| 114|0x0000000620400000, 0x0000000620400000, 0x0000000620800000|  0%| F|  |TAMS 0x0000000620400000, 0x0000000620400000| Untracked 
| 115|0x0000000620800000, 0x0000000620800000, 0x0000000620c00000|  0%| F|  |TAMS 0x0000000620800000, 0x0000000620800000| Untracked 
| 116|0x0000000620c00000, 0x0000000620c00000, 0x0000000621000000|  0%| F|  |TAMS 0x0000000620c00000, 0x0000000620c00000| Untracked 
| 117|0x0000000621000000, 0x0000000621000000, 0x0000000621400000|  0%| F|  |TAMS 0x0000000621000000, 0x0000000621000000| Untracked 
| 118|0x0000000621400000, 0x0000000621400000, 0x0000000621800000|  0%| F|  |TAMS 0x0000000621400000, 0x0000000621400000| Untracked 
| 119|0x0000000621800000, 0x0000000621800000, 0x0000000621c00000|  0%| F|  |TAMS 0x0000000621800000, 0x0000000621800000| Untracked 
| 120|0x0000000621c00000, 0x0000000621c00000, 0x0000000622000000|  0%| F|  |TAMS 0x0000000621c00000, 0x0000000621c00000| Untracked 
| 121|0x0000000622000000, 0x0000000622000000, 0x0000000622400000|  0%| F|  |TAMS 0x0000000622000000, 0x0000000622000000| Untracked 
| 122|0x0000000622400000, 0x00000006224e9e60, 0x0000000622800000| 22%| S|CS|TAMS 0x0000000622400000, 0x0000000622400000| Complete 
| 123|0x0000000622800000, 0x0000000622800000, 0x0000000622c00000|  0%| F|  |TAMS 0x0000000622800000, 0x0000000622800000| Untracked 
| 124|0x0000000622c00000, 0x0000000622c00000, 0x0000000623000000|  0%| F|  |TAMS 0x0000000622c00000, 0x0000000622c00000| Untracked 
| 125|0x0000000623000000, 0x0000000623000000, 0x0000000623400000|  0%| F|  |TAMS 0x0000000623000000, 0x0000000623000000| Untracked 
| 126|0x0000000623400000, 0x0000000623400000, 0x0000000623800000|  0%| F|  |TAMS 0x0000000623400000, 0x0000000623400000| Untracked 
| 127|0x0000000623800000, 0x00000006239f15b8, 0x0000000623c00000| 48%| E|  |TAMS 0x0000000623800000, 0x0000000623800000| Complete 

Card table byte_map: [0x0000020b3aae0000,0x0000020b3bad0000] _byte_map_base: 0x0000020b37ac2000

Marking Bits (Prev, Next): (CMBitMap*) 0x0000020b2282d8a0, (CMBitMap*) 0x0000020b2282d8e0
 Prev Bits: [0x0000020b3cac0000, 0x0000020b449d0000)
 Next Bits: [0x0000020b449d0000, 0x0000020b4c8e0000)

Polling page: 0x0000020b22850000

Metaspace:

Usage:
  Non-class:      9.99 MB used.
      Class:      1.42 MB used.
       Both:     11.41 MB used.

Virtual space:
  Non-class space:       64.00 MB reserved,      10.12 MB ( 16%) committed,  1 nodes.
      Class space:        1.00 GB reserved,       1.50 MB ( <1%) committed,  1 nodes.
             Both:        1.06 GB reserved,      11.62 MB (  1%) committed. 

Chunk freelists:
   Non-Class:  5.29 MB
       Class:  14.53 MB
        Both:  19.82 MB

MaxMetaspaceSize: unlimited
CompressedClassSpaceSize: 1.00 GB
Initial GC threshold: 21.00 MB
Current GC threshold: 21.00 MB
CDS: on
MetaspaceReclaimPolicy: balanced
 - commit_granule_bytes: 65536.
 - commit_granule_words: 8192.
 - virtual_space_node_default_size: 8388608.
 - enlarge_chunks_in_place: 1.
 - new_chunks_are_fully_committed: 0.
 - uncommit_free_chunks: 1.
 - use_allocation_guard: 0.
 - handle_deallocations: 1.


Internal statistics:

num_allocs_failed_limit: 0.
num_arena_births: 122.
num_arena_deaths: 0.
num_vsnodes_births: 2.
num_vsnodes_deaths: 0.
num_space_committed: 186.
num_space_uncommitted: 0.
num_chunks_returned_to_freelist: 0.
num_chunks_taken_from_freelist: 515.
num_chunk_merges: 0.
num_chunk_splits: 333.
num_chunks_enlarged: 250.
num_inconsistent_stats: 0.

CodeHeap 'non-profiled nmethods': size=120000Kb used=569Kb max_used=569Kb free=119430Kb
 bounds [0x0000020b31b60000, 0x0000020b31dd0000, 0x0000020b39090000]
CodeHeap 'profiled nmethods': size=120000Kb used=2872Kb max_used=2872Kb free=117128Kb
 bounds [0x0000020b2a090000, 0x0000020b2a360000, 0x0000020b315c0000]
CodeHeap 'non-nmethods': size=5760Kb used=1199Kb max_used=1222Kb free=4560Kb
 bounds [0x0000020b315c0000, 0x0000020b31830000, 0x0000020b31b60000]
 total_blobs=1943 nmethods=1457 adapters=399
 compilation: enabled
              stopped_count=0, restarted_count=0
 full_count=0

Compilation events (20 events):
Event: 9.966 Thread 0x0000020b4ec49980 nmethod 1427 0x0000020b2a34c390 code [0x0000020b2a34c600, 0x0000020b2a34d138]
Event: 9.966 Thread 0x0000020b4ec49980 1429       3       sun.security.util.KnownOIDs::register (349 bytes)
Event: 9.966 Thread 0x0000020b4f677480 1431       4       java.lang.CharacterDataLatin1::toUpperCaseEx (71 bytes)
Event: 9.968 Thread 0x0000020b4ec49980 nmethod 1429 0x0000020b2a34d510 code [0x0000020b2a34da40, 0x0000020b2a34fdf8]
Event: 9.968 Thread 0x0000020b4ec49980 1428       3       java.lang.String::toUpperCase (29 bytes)
Event: 9.968 Thread 0x0000020b4f677480 nmethod 1431 0x0000020b31bed210 code [0x0000020b31bed380, 0x0000020b31bed478]
Event: 9.969 Thread 0x0000020b4ec49980 nmethod 1428 0x0000020b2a350a90 code [0x0000020b2a350c60, 0x0000020b2a350f38]
Event: 9.969 Thread 0x0000020b4ec49980 1430  s    3       java.util.Properties::put (10 bytes)
Event: 9.969 Thread 0x0000020b4ec49980 nmethod 1430 0x0000020b2a351010 code [0x0000020b2a3511c0, 0x0000020b2a351428]
Event: 9.970 Thread 0x0000020b4ec49980 1433       3       java.lang.invoke.LambdaForm::parameter (38 bytes)
Event: 9.970 Thread 0x0000020b4ec49980 nmethod 1433 0x0000020b2a351510 code [0x0000020b2a3516a0, 0x0000020b2a3517f8]
Event: 9.970 Thread 0x0000020b4ec49980 1434       3       java.lang.reflect.AccessibleObject::checkPermission (16 bytes)
Event: 9.970 Thread 0x0000020b4ec49980 nmethod 1434 0x0000020b2a351910 code [0x0000020b2a351ac0, 0x0000020b2a351da8]
Event: 9.970 Thread 0x0000020b4ec49980 1435       3       java.lang.reflect.AccessibleObject::checkCanSetAccessible (9 bytes)
Event: 9.970 Thread 0x0000020b4ec49980 nmethod 1435 0x0000020b2a351e90 code [0x0000020b2a352020, 0x0000020b2a352168]
Event: 10.736 Thread 0x0000020b4ec49980 1436       3       java.util.concurrent.ThreadPoolExecutor::isShutdown (12 bytes)
Event: 10.737 Thread 0x0000020b4ec49980 nmethod 1436 0x0000020b2a352210 code [0x0000020b2a3523c0, 0x0000020b2a3525b8]
Event: 10.737 Thread 0x0000020b4ec49980 1437       3       java.util.concurrent.ScheduledThreadPoolExecutor::canRunInCurrentRunState (61 bytes)
Event: 10.737 Thread 0x0000020b4ec49980 nmethod 1437 0x0000020b2a352690 code [0x0000020b2a3528a0, 0x0000020b2a3530c8]
Event: 10.959 Thread 0x0000020b4ec49980 1438       3       java.util.concurrent.locks.AbstractQueuedSynchronizer::release (19 bytes)

GC Heap History (4 events):
Event: 0.510 GC heap before
{Heap before GC invocations=0 (full 0):
 garbage-first heap   total 524288K, used 20480K [0x0000000603c00000, 0x0000000800000000)
  region size 4096K, 6 young (24576K), 0 survivors (0K)
 Metaspace       used 6281K, committed 6400K, reserved 1114112K
  class space    used 793K, committed 832K, reserved 1048576K
}
Event: 0.513 GC heap after
{Heap after GC invocations=1 (full 0):
 garbage-first heap   total 524288K, used 4568K [0x0000000603c00000, 0x0000000800000000)
  region size 4096K, 1 young (4096K), 1 survivors (4096K)
 Metaspace       used 6281K, committed 6400K, reserved 1114112K
  class space    used 793K, committed 832K, reserved 1048576K
}
Event: 9.953 GC heap before
{Heap before GC invocations=1 (full 0):
 garbage-first heap   total 524288K, used 25048K [0x0000000603c00000, 0x0000000800000000)
  region size 4096K, 6 young (24576K), 1 survivors (4096K)
 Metaspace       used 11057K, committed 11264K, reserved 1114112K
  class space    used 1385K, committed 1472K, reserved 1048576K
}
Event: 9.955 GC heap after
{Heap after GC invocations=2 (full 0):
 garbage-first heap   total 524288K, used 5461K [0x0000000603c00000, 0x0000000800000000)
  region size 4096K, 1 young (4096K), 1 survivors (4096K)
 Metaspace       used 11057K, committed 11264K, reserved 1114112K
  class space    used 1385K, committed 1472K, reserved 1048576K
}

Deoptimization events (20 events):
Event: 0.527 Thread 0x0000020b2277ca20 Uncommon trap: trap_request=0xffffff54 fr.pc=0x0000020b31bac030 relative=0x0000000000000d70
Event: 0.527 Thread 0x0000020b2277ca20 Uncommon trap: reason=speculate_null_assert action=make_not_entrant pc=0x0000020b31bac030 method=java.util.jar.JarFile.getVersionedEntry(Ljava/lang/String;Ljava/util/jar/JarEntry;)Ljava/util/jar/JarEntry; @ 115 c2
Event: 0.527 Thread 0x0000020b2277ca20 DEOPT PACKING pc=0x0000020b31bac030 sp=0x00000095b85f92e0
Event: 0.527 Thread 0x0000020b2277ca20 DEOPT UNPACKING pc=0x0000020b31615ba3 sp=0x00000095b85f9180 mode 2
Event: 0.681 Thread 0x0000020b2277ca20 Uncommon trap: trap_request=0xffffff54 fr.pc=0x0000020b31ba8884 relative=0x0000000000001164
Event: 0.681 Thread 0x0000020b2277ca20 Uncommon trap: reason=speculate_null_assert action=make_not_entrant pc=0x0000020b31ba8884 method=java.util.jar.JarFile.getVersionedEntry(Ljava/lang/String;Ljava/util/jar/JarEntry;)Ljava/util/jar/JarEntry; @ 115 c2
Event: 0.681 Thread 0x0000020b2277ca20 DEOPT PACKING pc=0x0000020b31ba8884 sp=0x00000095b85f9090
Event: 0.681 Thread 0x0000020b2277ca20 DEOPT UNPACKING pc=0x0000020b31615ba3 sp=0x00000095b85f9008 mode 2
Event: 3.868 Thread 0x0000020b2277ca20 Uncommon trap: trap_request=0xffffff45 fr.pc=0x0000020b31bb6744 relative=0x0000000000000ea4
Event: 3.868 Thread 0x0000020b2277ca20 Uncommon trap: reason=unstable_if action=reinterpret pc=0x0000020b31bb6744 method=java.util.concurrent.ConcurrentHashMap.putVal(Ljava/lang/Object;Ljava/lang/Object;Z)Ljava/lang/Object; @ 148 c2
Event: 3.868 Thread 0x0000020b2277ca20 DEOPT PACKING pc=0x0000020b31bb6744 sp=0x00000095b85fb100
Event: 3.868 Thread 0x0000020b2277ca20 DEOPT UNPACKING pc=0x0000020b31615ba3 sp=0x00000095b85fb080 mode 2
Event: 9.960 Thread 0x0000020b2277ca20 Uncommon trap: trap_request=0xffffff45 fr.pc=0x0000020b31bc0ec8 relative=0x0000000000000328
Event: 9.960 Thread 0x0000020b2277ca20 Uncommon trap: reason=unstable_if action=reinterpret pc=0x0000020b31bc0ec8 method=java.io.WinNTFileSystem.normalize(Ljava/lang/String;)Ljava/lang/String; @ 128 c2
Event: 9.960 Thread 0x0000020b2277ca20 DEOPT PACKING pc=0x0000020b31bc0ec8 sp=0x00000095b85f9bb0
Event: 9.960 Thread 0x0000020b2277ca20 DEOPT UNPACKING pc=0x0000020b31615ba3 sp=0x00000095b85f9b38 mode 2
Event: 9.961 Thread 0x0000020b2277ca20 Uncommon trap: trap_request=0xffffff45 fr.pc=0x0000020b31b8bae8 relative=0x0000000000000248
Event: 9.961 Thread 0x0000020b2277ca20 Uncommon trap: reason=unstable_if action=reinterpret pc=0x0000020b31b8bae8 method=java.lang.String.startsWith(Ljava/lang/String;I)Z @ 1 c2
Event: 9.961 Thread 0x0000020b2277ca20 DEOPT PACKING pc=0x0000020b31b8bae8 sp=0x00000095b85f8ca0
Event: 9.961 Thread 0x0000020b2277ca20 DEOPT UNPACKING pc=0x0000020b31615ba3 sp=0x00000095b85f8c08 mode 2

Classes unloaded (0 events):
No events

Classes redefined (0 events):
No events

Internal exceptions (20 events):
Event: 0.363 Thread 0x0000020b2277ca20 Exception <a 'java/lang/NoSuchMethodError'{0x000000062292db48}: 'void java.lang.invoke.DirectMethodHandle$Holder.invokeSpecial(java.lang.Object, java.lang.Object, java.lang.Object, java.lang.Object, java.lang.Object)'> (0x000000062292db48) 
thrown [s\open\src\hotspot\share\interpreter\linkResolver.cpp, line 759]
Event: 0.385 Thread 0x0000020b2277ca20 Exception <a 'java/lang/NoSuchMethodError'{0x00000006229d8618}: 'void java.lang.invoke.DirectMethodHandle$Holder.invokeInterface(java.lang.Object, java.lang.Object, java.lang.Object, java.lang.Object)'> (0x00000006229d8618) 
thrown [s\open\src\hotspot\share\interpreter\linkResolver.cpp, line 759]
Event: 0.386 Thread 0x0000020b2277ca20 Exception <a 'java/lang/IncompatibleClassChangeError'{0x00000006229dbf40}: Found class java.lang.Object, but interface was expected> (0x00000006229dbf40) 
thrown [s\open\src\hotspot\share\interpreter\linkResolver.cpp, line 826]
Event: 0.388 Thread 0x0000020b2277ca20 Exception <a 'java/lang/NoSuchMethodError'{0x00000006229fc238}: 'void java.lang.invoke.DirectMethodHandle$Holder.invokeStatic(java.lang.Object, java.lang.Object, java.lang.Object, java.lang.Object)'> (0x00000006229fc238) 
thrown [s\open\src\hotspot\share\interpreter\linkResolver.cpp, line 759]
Event: 0.399 Thread 0x0000020b2277ca20 Exception <a 'java/lang/NoSuchMethodError'{0x0000000622a721e8}: 'int java.lang.invoke.DirectMethodHandle$Holder.invokeStatic(java.lang.Object, java.lang.Object, java.lang.Object, java.lang.Object)'> (0x0000000622a721e8) 
thrown [s\open\src\hotspot\share\interpreter\linkResolver.cpp, line 759]
Event: 0.399 Thread 0x0000020b2277ca20 Exception <a 'java/lang/NoSuchMethodError'{0x0000000622a75b68}: 'java.lang.Object java.lang.invoke.Invokers$Holder.invokeExact_MT(java.lang.Object, java.lang.Object, java.lang.Object, java.lang.Object, java.lang.Object, java.lang.Object)'> (0x0000000622a75b68) 
thrown [s\open\src\hotspot\share\interpreter\linkResolver.cpp, line 759]
Event: 0.400 Thread 0x0000020b2277ca20 Exception <a 'java/lang/NoSuchMethodError'{0x0000000622a856c8}: 'int java.lang.invoke.DirectMethodHandle$Holder.invokeStatic(java.lang.Object, java.lang.Object, java.lang.Object, java.lang.Object, java.lang.Object)'> (0x0000000622a856c8) 
thrown [s\open\src\hotspot\share\interpreter\linkResolver.cpp, line 759]
Event: 0.405 Thread 0x0000020b2277ca20 Exception <a 'java/lang/NoSuchMethodError'{0x0000000622acbe10}: 'void java.lang.invoke.DirectMethodHandle$Holder.invokeStaticInit(java.lang.Object)'> (0x0000000622acbe10) 
thrown [s\open\src\hotspot\share\interpreter\linkResolver.cpp, line 759]
Event: 0.417 Thread 0x0000020b2277ca20 Exception <a 'java/lang/NoSuchMethodError'{0x0000000622b8c978}: 'void java.lang.invoke.DirectMethodHandle$Holder.invokeStaticInit(java.lang.Object, java.lang.Object, java.lang.Object, java.lang.Object)'> (0x0000000622b8c978) 
thrown [s\open\src\hotspot\share\interpreter\linkResolver.cpp, line 759]
Event: 0.430 Thread 0x0000020b2277ca20 Exception <a 'java/lang/NoSuchMethodError'{0x00000006224098e8}: 'int java.lang.invoke.DirectMethodHandle$Holder.invokeStaticInit(java.lang.Object, java.lang.Object)'> (0x00000006224098e8) 
thrown [s\open\src\hotspot\share\interpreter\linkResolver.cpp, line 759]
Event: 0.451 Thread 0x0000020b2277ca20 Exception <a 'java/lang/NoSuchMethodError'{0x00000006225284d0}: 'void java.lang.invoke.DirectMethodHandle$Holder.invokeStatic(java.lang.Object, java.lang.Object)'> (0x00000006225284d0) 
thrown [s\open\src\hotspot\share\interpreter\linkResolver.cpp, line 759]
Event: 0.457 Thread 0x0000020b2277ca20 Exception <a 'java/lang/NoSuchMethodError'{0x000000062257a480}: 'java.lang.Object java.lang.invoke.DirectMethodHandle$Holder.newInvokeSpecial(java.lang.Object, java.lang.Object, java.lang.Object, java.lang.Object, java.lang.Object, java.lang.Object, java.lang.Object)'> (0x000000062257a480) 
thrown [s\open\src\hotspot\share\interpreter\linkResolver.cpp, line 759]
Event: 0.457 Thread 0x0000020b2277ca20 Exception <a 'java/lang/NoSuchMethodError'{0x000000062257f038}: 'java.lang.Object java.lang.invoke.Invokers$Holder.linkToTargetMethod(java.lang.Object, java.lang.Object, java.lang.Object, java.lang.Object, java.lang.Object, java.lang.Object, java.lang.Object)'> (0x000000062257f038) 
thrown [s\open\src\hotspot\share\interpreter\linkResolver.cpp, line 759]
Event: 0.458 Thread 0x0000020b2277ca20 Exception <a 'java/lang/NoSuchMethodError'{0x000000062258fa08}: 'java.lang.Object java.lang.invoke.DirectMethodHandle$Holder.invokeInterface(java.lang.Object, java.lang.Object, java.lang.Object, java.lang.Object, java.lang.Object)'> (0x000000062258fa08) 
thrown [s\open\src\hotspot\share\interpreter\linkResolver.cpp, line 759]
Event: 0.458 Thread 0x0000020b2277ca20 Exception <a 'java/lang/IncompatibleClassChangeError'{0x0000000622593800}: Found class java.lang.Object, but interface was expected> (0x0000000622593800) 
thrown [s\open\src\hotspot\share\interpreter\linkResolver.cpp, line 826]
Event: 0.528 Thread 0x0000020b2277ca20 Exception <a 'java/lang/NoSuchMethodError'{0x00000006238f8e68}: 'java.lang.Object java.lang.invoke.DirectMethodHandle$Holder.invokeStatic(java.lang.Object, int, java.lang.Object)'> (0x00000006238f8e68) 
thrown [s\open\src\hotspot\share\interpreter\linkResolver.cpp, line 759]
Event: 0.542 Thread 0x0000020b2277ca20 Exception <a 'java/lang/NoSuchMethodError'{0x0000000623999cc8}: 'int java.lang.invoke.DirectMethodHandle$Holder.invokeStatic(java.lang.Object)'> (0x0000000623999cc8) 
thrown [s\open\src\hotspot\share\interpreter\linkResolver.cpp, line 759]
Event: 0.542 Thread 0x0000020b2277ca20 Exception <a 'java/lang/NoSuchMethodError'{0x000000062399d8c0}: 'int java.lang.invoke.DirectMethodHandle$Holder.invokeStaticInit(java.lang.Object)'> (0x000000062399d8c0) 
thrown [s\open\src\hotspot\share\interpreter\linkResolver.cpp, line 759]
Event: 0.665 Thread 0x0000020b2277ca20 Exception <a 'java/lang/NoSuchMethodError'{0x000000062315be90}: 'java.lang.Object java.lang.invoke.DirectMethodHandle$Holder.newInvokeSpecial(java.lang.Object, long, int, java.lang.Object)'> (0x000000062315be90) 
thrown [s\open\src\hotspot\share\interpreter\linkResolver.cpp, line 759]
Event: 9.969 Thread 0x0000020b2277ca20 Exception <a 'java/lang/NoSuchMethodError'{0x000000062386ca68}: 'java.lang.Object java.lang.invoke.DirectMethodHandle$Holder.invokeStaticInit(java.lang.Object, int, int, int, int)'> (0x000000062386ca68) 
thrown [s\open\src\hotspot\share\interpreter\linkResolver.cpp, line 759]

VM Operations (20 events):
Event: 0.510 Executing VM operation: G1CollectForAllocation
Event: 0.513 Executing VM operation: G1CollectForAllocation done
Event: 0.519 Executing VM operation: HandshakeAllThreads
Event: 0.519 Executing VM operation: HandshakeAllThreads done
Event: 1.530 Executing VM operation: Cleanup
Event: 2.840 Executing VM operation: Cleanup done
Event: 2.846 Executing VM operation: HandshakeAllThreads
Event: 2.846 Executing VM operation: HandshakeAllThreads done
Event: 4.872 Executing VM operation: Cleanup
Event: 4.873 Executing VM operation: Cleanup done
Event: 7.889 Executing VM operation: Cleanup
Event: 7.921 Executing VM operation: Cleanup done
Event: 8.927 Executing VM operation: Cleanup
Event: 8.927 Executing VM operation: Cleanup done
Event: 9.953 Executing VM operation: G1CollectForAllocation
Event: 9.955 Executing VM operation: G1CollectForAllocation done
Event: 9.961 Executing VM operation: HandshakeAllThreads
Event: 9.961 Executing VM operation: HandshakeAllThreads done
Event: 10.959 Executing VM operation: Cleanup
Event: 10.959 Executing VM operation: Cleanup done

Events (20 events):
Event: 9.969 loading class java/security/DrbgParameters done
Event: 9.969 loading class java/security/DrbgParameters$Instantiation
Event: 9.969 loading class java/security/DrbgParameters$Instantiation done
Event: 9.969 loading class sun/security/provider/HashDrbg
Event: 9.969 loading class sun/security/provider/AbstractHashDrbg
Event: 9.969 loading class sun/security/provider/AbstractDrbg
Event: 9.969 loading class sun/security/provider/AbstractDrbg done
Event: 9.969 loading class sun/security/provider/AbstractHashDrbg done
Event: 9.969 loading class sun/security/provider/HashDrbg done
Event: 9.969 loading class sun/security/provider/EntropySource
Event: 9.969 loading class sun/security/provider/EntropySource done
Event: 9.970 loading class java/security/DrbgParameters$NextBytes
Event: 9.970 loading class java/security/DrbgParameters$NextBytes done
Event: 9.970 loading class sun/security/provider/AbstractDrbg$SeederHolder
Event: 9.970 loading class sun/security/provider/AbstractDrbg$SeederHolder done
Event: 9.970 loading class sun/security/provider/SeedGenerator
Event: 9.970 loading class sun/security/provider/SeedGenerator done
Event: 9.970 loading class sun/security/provider/NativeSeedGenerator
Event: 9.970 loading class sun/security/provider/NativeSeedGenerator done
Event: 10.736 Thread 0x0000020b4f677480 Thread exited: 0x0000020b4f677480


Dynamic libraries:
0x00007ff74abd0000 - 0x00007ff74abe0000 	C:\Program Files\Java\jdk-17\bin\java.exe
0x00007fff7e900000 - 0x00007fff7eb63000 	C:\WINDOWS\SYSTEM32\ntdll.dll
0x00007fff7dd70000 - 0x00007fff7de37000 	C:\WINDOWS\System32\KERNEL32.DLL
0x00007fff7bd60000 - 0x00007fff7c127000 	C:\WINDOWS\System32\KERNELBASE.dll
0x00007fff7c130000 - 0x00007fff7c27c000 	C:\WINDOWS\System32\ucrtbase.dll
0x00007fff69230000 - 0x00007fff6924b000 	C:\Program Files\Java\jdk-17\bin\VCRUNTIME140.dll
0x00007fff75b50000 - 0x00007fff75b69000 	C:\Program Files\Java\jdk-17\bin\jli.dll
0x00007fff7e7b0000 - 0x00007fff7e864000 	C:\WINDOWS\System32\ADVAPI32.dll
0x00007fff7c800000 - 0x00007fff7c8a9000 	C:\WINDOWS\System32\msvcrt.dll
0x00007fff7dcc0000 - 0x00007fff7dd66000 	C:\WINDOWS\System32\sechost.dll
0x00007fff7e660000 - 0x00007fff7e776000 	C:\WINDOWS\System32\RPCRT4.dll
0x00007fff7da90000 - 0x00007fff7dc59000 	C:\WINDOWS\System32\USER32.dll
0x00007fff46290000 - 0x00007fff46520000 	C:\WINDOWS\WinSxS\amd64_microsoft.windows.common-controls_6595b64144ccf1df_6.0.26100.3037_none_3e09262ce333c378\COMCTL32.dll
0x00007fff7c3c0000 - 0x00007fff7c3e7000 	C:\WINDOWS\System32\win32u.dll
0x00007fff7d020000 - 0x00007fff7d04a000 	C:\WINDOWS\System32\GDI32.dll
0x00007fff7c610000 - 0x00007fff7c73b000 	C:\WINDOWS\System32\gdi32full.dll
0x00007fff7c310000 - 0x00007fff7c3b3000 	C:\WINDOWS\System32\msvcp_win.dll
0x00007fff6fb60000 - 0x00007fff6fb6b000 	C:\WINDOWS\SYSTEM32\VERSION.dll
0x00007fff7c7c0000 - 0x00007fff7c7ef000 	C:\WINDOWS\System32\IMM32.DLL
0x00007fff767c0000 - 0x00007fff767cc000 	C:\Program Files\Java\jdk-17\bin\vcruntime140_1.dll
0x00007fff41080000 - 0x00007fff4110e000 	C:\Program Files\Java\jdk-17\bin\msvcp140.dll
0x00007fff14160000 - 0x00007fff14d40000 	C:\Program Files\Java\jdk-17\bin\server\jvm.dll
0x00007fff7ccb0000 - 0x00007fff7ccb8000 	C:\WINDOWS\System32\PSAPI.DLL
0x00007fff75ca0000 - 0x00007fff75caa000 	C:\WINDOWS\SYSTEM32\WSOCK32.dll
0x00007fff63c90000 - 0x00007fff63cc6000 	C:\WINDOWS\SYSTEM32\WINMM.dll
0x00007fff7c740000 - 0x00007fff7c7b4000 	C:\WINDOWS\System32\WS2_32.dll
0x00007fff7ab80000 - 0x00007fff7ab9a000 	C:\WINDOWS\SYSTEM32\kernel.appcore.dll
0x00007fff68f00000 - 0x00007fff68f0a000 	C:\Program Files\Java\jdk-17\bin\jimage.dll
0x00007fff79560000 - 0x00007fff797a1000 	C:\WINDOWS\SYSTEM32\DBGHELP.DLL
0x00007fff7d270000 - 0x00007fff7d5ee000 	C:\WINDOWS\System32\combase.dll
0x00007fff7cf40000 - 0x00007fff7d016000 	C:\WINDOWS\System32\OLEAUT32.dll
0x00007fff473d0000 - 0x00007fff47409000 	C:\WINDOWS\SYSTEM32\dbgcore.DLL
0x00007fff7c3f0000 - 0x00007fff7c489000 	C:\WINDOWS\System32\bcryptPrimitives.dll
0x00007fff68200000 - 0x00007fff68225000 	C:\Program Files\Java\jdk-17\bin\java.dll
0x00007fff38210000 - 0x00007fff382e7000 	C:\Program Files\Java\jdk-17\bin\jsvml.dll
0x00007fff7def0000 - 0x00007fff7e5f4000 	C:\WINDOWS\System32\SHELL32.dll
0x00007fff79970000 - 0x00007fff7a1a7000 	C:\WINDOWS\SYSTEM32\windows.storage.dll
0x00007fff7ccc0000 - 0x00007fff7cda9000 	C:\WINDOWS\System32\SHCORE.dll
0x00007fff7e600000 - 0x00007fff7e65d000 	C:\WINDOWS\System32\shlwapi.dll
0x00007fff7bbb0000 - 0x00007fff7bbde000 	C:\WINDOWS\SYSTEM32\profapi.dll
0x00007fff68ee0000 - 0x00007fff68ef9000 	C:\Program Files\Java\jdk-17\bin\net.dll
0x00007fff760e0000 - 0x00007fff761fe000 	C:\WINDOWS\SYSTEM32\WINHTTP.dll
0x00007fff7b0f0000 - 0x00007fff7b15a000 	C:\WINDOWS\system32\mswsock.dll
0x00007fff67980000 - 0x00007fff67996000 	C:\Program Files\Java\jdk-17\bin\nio.dll
0x00007fff67960000 - 0x00007fff67978000 	C:\Program Files\Java\jdk-17\bin\zip.dll
0x00007fff66a00000 - 0x00007fff66a0a000 	C:\Program Files\Java\jdk-17\bin\management.dll
0x00007fff669f0000 - 0x00007fff669fb000 	C:\Program Files\Java\jdk-17\bin\management_ext.dll
0x00007fff5f780000 - 0x00007fff5f790000 	C:\Program Files\Java\jdk-17\bin\verify.dll
0x00007fff44710000 - 0x00007fff44728000 	C:\WINDOWS\system32\napinsp.dll
0x00007fff7a500000 - 0x00007fff7a625000 	C:\WINDOWS\SYSTEM32\DNSAPI.dll
0x00007fff7a4c0000 - 0x00007fff7a4f2000 	C:\WINDOWS\SYSTEM32\IPHLPAPI.DLL
0x00007fff7d260000 - 0x00007fff7d26a000 	C:\WINDOWS\System32\NSI.dll
0x00007fff44610000 - 0x00007fff44622000 	C:\WINDOWS\System32\winrnr.dll
0x00007fff42f20000 - 0x00007fff42f42000 	C:\WINDOWS\system32\nlansp_c.dll
0x00007fff70fc0000 - 0x00007fff70fd6000 	C:\WINDOWS\system32\wshbth.dll
0x00007fff76e50000 - 0x00007fff76e5b000 	C:\Windows\System32\rasadhlp.dll
0x00007fff77180000 - 0x00007fff77205000 	C:\WINDOWS\System32\fwpuclnt.dll
0x00007fff7b390000 - 0x00007fff7b3ac000 	C:\WINDOWS\SYSTEM32\CRYPTSP.dll
0x00007fff7ab40000 - 0x00007fff7ab78000 	C:\WINDOWS\system32\rsaenh.dll
0x00007fff7b190000 - 0x00007fff7b1bb000 	C:\WINDOWS\SYSTEM32\USERENV.dll
0x00007fff7b5d0000 - 0x00007fff7b5f6000 	C:\WINDOWS\SYSTEM32\bcrypt.dll
0x00007fff7b3b0000 - 0x00007fff7b3bc000 	C:\WINDOWS\SYSTEM32\CRYPTBASE.dll
0x00007fff76f00000 - 0x00007fff76f1f000 	C:\WINDOWS\SYSTEM32\dhcpcsvc6.DLL
0x00007fff76d20000 - 0x00007fff76d45000 	C:\WINDOWS\SYSTEM32\dhcpcsvc.DLL

dbghelp: loaded successfully - version: 4.0.5 - missing functions: none
symbol engine: initialized successfully - sym options: 0x614 - pdb path: .;C:\Program Files\Java\jdk-17\bin;C:\WINDOWS\SYSTEM32;C:\WINDOWS\WinSxS\amd64_microsoft.windows.common-controls_6595b64144ccf1df_6.0.26100.3037_none_3e09262ce333c378;C:\Program Files\Java\jdk-17\bin\server

VM Arguments:
java_command: C:\Users\Natali\AppData\Local\Temp\surefire10748859802229691330\surefirebooter-20250220235415443_3.jar C:\Users\Natali\AppData\Local\Temp\surefire10748859802229691330 2025-02-20T23-54-13_866-jvmRun1 surefire-20250220235415443_1tmp surefire_0-20250220235415443_2tmp
java_class_path (initial): C:\Users\Natali\AppData\Local\Temp\surefire10748859802229691330\surefirebooter-20250220235415443_3.jar
Launcher Type: SUN_STANDARD

[Global flags]
     intx CICompilerCount                          = 4                                         {product} {ergonomic}
     uint ConcGCThreads                            = 2                                         {product} {ergonomic}
     uint G1ConcRefinementThreads                  = 8                                         {product} {ergonomic}
   size_t G1HeapRegionSize                         = 4194304                                   {product} {ergonomic}
    uintx GCDrainStackTargetSize                   = 64                                        {product} {ergonomic}
   size_t InitialHeapSize                          = 536870912                                 {product} {ergonomic}
   size_t MarkStackSize                            = 4194304                                   {product} {ergonomic}
   size_t MaxHeapSize                              = 8527020032                                {product} {ergonomic}
   size_t MaxNewSize                               = 5112856576                                {product} {ergonomic}
   size_t MinHeapDeltaBytes                        = 4194304                                   {product} {ergonomic}
   size_t MinHeapSize                              = 8388608                                   {product} {ergonomic}
    uintx NonNMethodCodeHeapSize                   = 5839372                                {pd product} {ergonomic}
    uintx NonProfiledCodeHeapSize                  = 122909434                              {pd product} {ergonomic}
    uintx ProfiledCodeHeapSize                     = 122909434                              {pd product} {ergonomic}
    uintx ReservedCodeCacheSize                    = 251658240                              {pd product} {ergonomic}
     bool SegmentedCodeCache                       = true                                      {product} {ergonomic}
   size_t SoftMaxHeapSize                          = 8527020032                             {manageable} {ergonomic}
     bool UseCompressedClassPointers               = true                           {product lp64_product} {ergonomic}
     bool UseCompressedOops                        = true                           {product lp64_product} {ergonomic}
     bool UseG1GC                                  = true                                      {product} {ergonomic}
     bool UseLargePagesIndividualAllocation        = false                                  {pd product} {ergonomic}

Logging:
Log output configuration:
 #0: stdout all=warning uptime,level,tags
 #1: stderr all=off uptime,level,tags

Environment Variables:
PATH=C:\Program Files\Common Files\Oracle\Java\javapath;C:\Program Files (x86)\Common Files\Oracle\Java\javapath;C:\windows\system32;C:\windows;C:\windows\System32\Wbem;C:\windows\System32\WindowsPowerShell\v1.0\;C:\windows\System32\OpenSSH\;C:\Program Files (x86)\NVIDIA Corporation\PhysX\Common;C:\Program Files\NVIDIA Corporation\NVIDIA NvDLISR;C:\WINDOWS\system32;C:\WINDOWS;C:\WINDOWS\System32\Wbem;C:\WINDOWS\System32\WindowsPowerShell\v1.0\;C:\WINDOWS\System32\OpenSSH\;C:\Program Files\Microsoft VS Code\bin;C:\Program Files\PowerShell\7\;C:\Program Files\Git\cmd;C:\Program Files\Docker\Docker\resources\bin;C:\Program Files\MySQL\MySQL Shell 8.0\bin\;C:\Users\Natali\AppData\Local\Microsoft\WindowsApps;;C:\Program Files\JetBrains\IntelliJ IDEA 2024.3\bin;
USERNAME=Natali
OS=Windows_NT
PROCESSOR_IDENTIFIER=Intel64 Family 6 Model 140 Stepping 1, GenuineIntel



---------------  S Y S T E M  ---------------

OS:
 Windows 11 , 64 bit Build 26100 (10.0.26100.3037)
OS uptime: 7 days 21:22 hours
Hyper-V role detected

CPU: total 8 (initial active 8) (4 cores per cpu, 2 threads per core) family 6 model 140 stepping 1 microcode 0xa6, cx8, cmov, fxsr, ht, mmx, 3dnowpref, sse, sse2, sse3, ssse3, sse4.1, sse4.2, popcnt, lzcnt, tsc, tscinvbit, avx, avx2, aes, erms, clmul, bmi1, bmi2, adx, avx512f, avx512dq, avx512cd, avx512bw, avx512vl, sha, fma, vzeroupper, avx512_vpopcntdq, avx512_vpclmulqdq, avx512_vaes, avx512_vnni, clflush, clflushopt, clwb, avx512_vbmi2, avx512_vbmi, hv

Memory: 4k page, system-wide physical 32513M (12348M free)
TotalPageFile size 34513M (AvailPageFile size 11M)
current process WorkingSet (physical memory assigned to process): 99M, peak: 108M
current process commit charge ("private bytes"): 635M, peak: 644M

vm_info: Java HotSpot(TM) 64-Bit Server VM (17.0.12+8-LTS-286) for windows-amd64 JRE (17.0.12+8-LTS-286), built on Jun  5 2024 06:46:59 by "mach5one" with MS VC++ 17.6 (VS2022)

END.
