#
# There is insufficient memory for the Java Runtime Environment to continue.
# Native memory allocation (mmap) failed to map 536870912 bytes for G1 virtual space
# Possible reasons:
#   The system is out of physical RAM or swap space
#   The process is running with CompressedOops enabled, and the Java Heap may be blocking the growth of the native heap
# Possible solutions:
#   Reduce memory load on the system
#   Increase physical memory or swap space
#   Check if swap backing store is full
#   Decrease Java heap size (-Xmx/-Xms)
#   Decrease number of Java threads
#   Decrease Java thread stack sizes (-Xss)
#   Set larger code cache with -XX:ReservedCodeCacheSize=
#   JVM is running with Zero Based Compressed Oops mode in which the Java heap is
#     placed in the first 32GB address space. The Java Heap base address is the
#     maximum limit for the native heap growth. Please use -XX:HeapBaseMinAddress
#     to set the Java Heap base and to place the Java Heap above 32GB virtual address.
# This output file may be truncated or incomplete.
#
#  Out of Memory Error (os_windows.cpp:3548), pid=22708, tid=22768
#
# JRE version:  (17.0.12+8) (build )
# Java VM: Java HotSpot(TM) 64-Bit Server VM (17.0.12+8-LTS-286, mixed mode, sharing, tiered, compressed oops, compressed class ptrs, g1 gc, windows-amd64)
# No core dump will be written. Minidumps are not enabled by default on client versions of Windows
#

---------------  S U M M A R Y ------------

Command Line: C:\Users\Natali\AppData\Local\Temp\surefire11199470104503724335\surefirebooter-20250221003136906_3.jar C:\Users\Natali\AppData\Local\Temp\surefire11199470104503724335 2025-02-21T00-31-36_246-jvmRun1 surefire-20250221003136906_1tmp surefire_0-20250221003136906_2tmp

Host: 11th Gen Intel(R) Core(TM) i5-1135G7 @ 2.40GHz, 8 cores, 31G,  Windows 11 , 64 bit Build 26100 (10.0.26100.3037)
Time: Fri Feb 21 00:31:38 2025 Russia TZ 4 Standard Time elapsed time: 1.098602 seconds (0d 0h 0m 1s)

---------------  T H R E A D  ---------------

Current thread (0x0000019d2ce6e8c0):  JavaThread "Unknown thread" [_thread_in_vm, id=22768, stack(0x000000870ee00000,0x000000870ef00000)]

Stack: [0x000000870ee00000,0x000000870ef00000]
Native frames: (J=compiled Java code, j=interpreted, Vv=VM code, C=native code)
V  [jvm.dll+0x67a04a]
V  [jvm.dll+0x7da4ed]
V  [jvm.dll+0x7dbe33]
V  [jvm.dll+0x7dc4a3]
V  [jvm.dll+0x24508f]
V  [jvm.dll+0x677089]
V  [jvm.dll+0x66bd32]
V  [jvm.dll+0x301fa6]
V  [jvm.dll+0x309546]
V  [jvm.dll+0x359d2e]
V  [jvm.dll+0x359f5f]
V  [jvm.dll+0x2d9078]
V  [jvm.dll+0x2d9fe4]
V  [jvm.dll+0x7aca21]
V  [jvm.dll+0x367591]
V  [jvm.dll+0x78b999]
V  [jvm.dll+0x3ec83f]
V  [jvm.dll+0x3ee471]
C  [jli.dll+0x5297]
C  [ucrtbase.dll+0x37b0]
C  [KERNEL32.DLL+0x2e8d7]
C  [ntdll.dll+0xbbf2c]


---------------  P R O C E S S  ---------------

Threads class SMR info:
_java_thread_list=0x00007fff14c17a18, length=0, elements={
}

Java Threads: ( => current thread )

Other Threads:
  0x0000019d2cf1e570 GCTaskThread "GC Thread#0" [stack: 0x000000870ef00000,0x000000870f000000] [id=22324]
  0x0000019d2cf2f1e0 ConcurrentGCThread "G1 Main Marker" [stack: 0x000000870f000000,0x000000870f100000] [id=27300]
  0x0000019d2cf2fb00 ConcurrentGCThread "G1 Conc#0" [stack: 0x000000870f100000,0x000000870f200000] [id=412]

[error occurred during error reporting (printing all threads), id 0xc0000005, EXCEPTION_ACCESS_VIOLATION (0xc0000005) at pc=0x00007fff14449b67]

VM state: not at safepoint (not fully initialized)

VM Mutex/Monitor currently owned by a thread:  ([mutex/lock_event])
[0x0000019d2ce6c2a0] Heap_lock - owner thread: 0x0000019d2ce6e8c0

Heap address: 0x0000000603c00000, size: 8132 MB, Compressed Oops mode: Zero based, Oop shift amount: 3

CDS archive(s) mapped at: [0x0000000000000000-0x0000000000000000-0x0000000000000000), size 0, SharedBaseAddress: 0x0000000800000000, ArchiveRelocationMode: 1.
Narrow klass base: 0x0000000000000000, Narrow klass shift: 0, Narrow klass range: 0x0

GC Precious Log:
<Empty>

Heap:
 garbage-first heap   total 0K, used 0K [0x0000000603c00000, 0x0000000800000000)
  region size 4096K, 0 young (0K), 0 survivors (0K)

[error occurred during error reporting (printing heap information), id 0xc0000005, EXCEPTION_ACCESS_VIOLATION (0xc0000005) at pc=0x00007fff14833859]

GC Heap History (0 events):
No events

Deoptimization events (0 events):
No events

Classes unloaded (0 events):
No events

Classes redefined (0 events):
No events

Internal exceptions (0 events):
No events

VM Operations (0 events):
No events

Events (1 events):
Event: 0.008 Loaded shared library C:\Program Files\Java\jdk-17\bin\java.dll


Dynamic libraries:
0x00007ff74abd0000 - 0x00007ff74abe0000 	C:\Program Files\Java\jdk-17\bin\java.exe
0x00007fff7e900000 - 0x00007fff7eb63000 	C:\WINDOWS\SYSTEM32\ntdll.dll
0x00007fff7dd70000 - 0x00007fff7de37000 	C:\WINDOWS\System32\KERNEL32.DLL
0x00007fff7bd60000 - 0x00007fff7c127000 	C:\WINDOWS\System32\KERNELBASE.dll
0x00007fff7c130000 - 0x00007fff7c27c000 	C:\WINDOWS\System32\ucrtbase.dll
0x00007fff69230000 - 0x00007fff6924b000 	C:\Program Files\Java\jdk-17\bin\VCRUNTIME140.dll
0x00007fff75b50000 - 0x00007fff75b69000 	C:\Program Files\Java\jdk-17\bin\jli.dll
0x00007fff7e7b0000 - 0x00007fff7e864000 	C:\WINDOWS\System32\ADVAPI32.dll
0x00007fff7c800000 - 0x00007fff7c8a9000 	C:\WINDOWS\System32\msvcrt.dll
0x00007fff7dcc0000 - 0x00007fff7dd66000 	C:\WINDOWS\System32\sechost.dll
0x00007fff7e660000 - 0x00007fff7e776000 	C:\WINDOWS\System32\RPCRT4.dll
0x00007fff7da90000 - 0x00007fff7dc59000 	C:\WINDOWS\System32\USER32.dll
0x00007fff7c3c0000 - 0x00007fff7c3e7000 	C:\WINDOWS\System32\win32u.dll
0x00007fff7d020000 - 0x00007fff7d04a000 	C:\WINDOWS\System32\GDI32.dll
0x00007fff46290000 - 0x00007fff46520000 	C:\WINDOWS\WinSxS\amd64_microsoft.windows.common-controls_6595b64144ccf1df_6.0.26100.3037_none_3e09262ce333c378\COMCTL32.dll
0x00007fff7c610000 - 0x00007fff7c73b000 	C:\WINDOWS\System32\gdi32full.dll
0x00007fff7c310000 - 0x00007fff7c3b3000 	C:\WINDOWS\System32\msvcp_win.dll
0x00007fff6fb60000 - 0x00007fff6fb6b000 	C:\WINDOWS\SYSTEM32\VERSION.dll
0x00007fff7c7c0000 - 0x00007fff7c7ef000 	C:\WINDOWS\System32\IMM32.DLL
0x00007fff767c0000 - 0x00007fff767cc000 	C:\Program Files\Java\jdk-17\bin\vcruntime140_1.dll
0x00007fff53800000 - 0x00007fff5388e000 	C:\Program Files\Java\jdk-17\bin\msvcp140.dll
0x00007fff14160000 - 0x00007fff14d40000 	C:\Program Files\Java\jdk-17\bin\server\jvm.dll
0x00007fff7ccb0000 - 0x00007fff7ccb8000 	C:\WINDOWS\System32\PSAPI.DLL
0x00007fff75ca0000 - 0x00007fff75caa000 	C:\WINDOWS\SYSTEM32\WSOCK32.dll
0x00007fff63c90000 - 0x00007fff63cc6000 	C:\WINDOWS\SYSTEM32\WINMM.dll
0x00007fff7c740000 - 0x00007fff7c7b4000 	C:\WINDOWS\System32\WS2_32.dll
0x00007fff7ab80000 - 0x00007fff7ab9a000 	C:\WINDOWS\SYSTEM32\kernel.appcore.dll
0x00007fff68f00000 - 0x00007fff68f0a000 	C:\Program Files\Java\jdk-17\bin\jimage.dll
0x00007fff79560000 - 0x00007fff797a1000 	C:\WINDOWS\SYSTEM32\DBGHELP.DLL
0x00007fff7d270000 - 0x00007fff7d5ee000 	C:\WINDOWS\System32\combase.dll
0x00007fff7cf40000 - 0x00007fff7d016000 	C:\WINDOWS\System32\OLEAUT32.dll
0x00007fff473d0000 - 0x00007fff47409000 	C:\WINDOWS\SYSTEM32\dbgcore.DLL
0x00007fff7c3f0000 - 0x00007fff7c489000 	C:\WINDOWS\System32\bcryptPrimitives.dll
0x00007fff68240000 - 0x00007fff68265000 	C:\Program Files\Java\jdk-17\bin\java.dll

dbghelp: loaded successfully - version: 4.0.5 - missing functions: none
symbol engine: initialized successfully - sym options: 0x614 - pdb path: .;C:\Program Files\Java\jdk-17\bin;C:\WINDOWS\SYSTEM32;C:\WINDOWS\WinSxS\amd64_microsoft.windows.common-controls_6595b64144ccf1df_6.0.26100.3037_none_3e09262ce333c378;C:\Program Files\Java\jdk-17\bin\server

VM Arguments:
java_command: C:\Users\Natali\AppData\Local\Temp\surefire11199470104503724335\surefirebooter-20250221003136906_3.jar C:\Users\Natali\AppData\Local\Temp\surefire11199470104503724335 2025-02-21T00-31-36_246-jvmRun1 surefire-20250221003136906_1tmp surefire_0-20250221003136906_2tmp
java_class_path (initial): C:\Users\Natali\AppData\Local\Temp\surefire11199470104503724335\surefirebooter-20250221003136906_3.jar
Launcher Type: SUN_STANDARD

[Global flags]
     intx CICompilerCount                          = 4                                         {product} {ergonomic}
     uint ConcGCThreads                            = 2                                         {product} {ergonomic}
     uint G1ConcRefinementThreads                  = 8                                         {product} {ergonomic}
   size_t G1HeapRegionSize                         = 4194304                                   {product} {ergonomic}
    uintx GCDrainStackTargetSize                   = 64                                        {product} {ergonomic}
   size_t InitialHeapSize                          = 536870912                                 {product} {ergonomic}
   size_t MarkStackSize                            = 4194304                                   {product} {ergonomic}
   size_t MaxHeapSize                              = 8527020032                                {product} {ergonomic}
   size_t MinHeapDeltaBytes                        = 4194304                                   {product} {ergonomic}
   size_t MinHeapSize                              = 8388608                                   {product} {ergonomic}
    uintx NonNMethodCodeHeapSize                   = 5839372                                {pd product} {ergonomic}
    uintx NonProfiledCodeHeapSize                  = 122909434                              {pd product} {ergonomic}
    uintx ProfiledCodeHeapSize                     = 122909434                              {pd product} {ergonomic}
    uintx ReservedCodeCacheSize                    = 251658240                              {pd product} {ergonomic}
     bool SegmentedCodeCache                       = true                                      {product} {ergonomic}
   size_t SoftMaxHeapSize                          = 8527020032                             {manageable} {ergonomic}
     bool UseCompressedClassPointers               = true                           {product lp64_product} {ergonomic}
     bool UseCompressedOops                        = true                           {product lp64_product} {ergonomic}
     bool UseG1GC                                  = true                                      {product} {ergonomic}
     bool UseLargePagesIndividualAllocation        = false                                  {pd product} {ergonomic}

Logging:
Log output configuration:
 #0: stdout all=warning uptime,level,tags
 #1: stderr all=off uptime,level,tags

Environment Variables:
PATH=C:\Program Files\Common Files\Oracle\Java\javapath;C:\Program Files (x86)\Common Files\Oracle\Java\javapath;C:\windows\system32;C:\windows;C:\windows\System32\Wbem;C:\windows\System32\WindowsPowerShell\v1.0\;C:\windows\System32\OpenSSH\;C:\Program Files (x86)\NVIDIA Corporation\PhysX\Common;C:\Program Files\NVIDIA Corporation\NVIDIA NvDLISR;C:\WINDOWS\system32;C:\WINDOWS;C:\WINDOWS\System32\Wbem;C:\WINDOWS\System32\WindowsPowerShell\v1.0\;C:\WINDOWS\System32\OpenSSH\;C:\Program Files\Microsoft VS Code\bin;C:\Program Files\PowerShell\7\;C:\Program Files\Git\cmd;C:\Program Files\Docker\Docker\resources\bin;C:\Program Files\MySQL\MySQL Shell 8.0\bin\;C:\Users\Natali\AppData\Local\Microsoft\WindowsApps;;C:\Program Files\JetBrains\IntelliJ IDEA 2024.3\bin;
USERNAME=Natali
OS=Windows_NT
PROCESSOR_IDENTIFIER=Intel64 Family 6 Model 140 Stepping 1, GenuineIntel



---------------  S Y S T E M  ---------------

OS:
 Windows 11 , 64 bit Build 26100 (10.0.26100.3037)
OS uptime: 7 days 21:59 hours
Hyper-V role detected

CPU: total 8 (initial active 8) (4 cores per cpu, 2 threads per core) family 6 model 140 stepping 1 microcode 0xa6, cx8, cmov, fxsr, ht, mmx, 3dnowpref, sse, sse2, sse3, ssse3, sse4.1, sse4.2, popcnt, lzcnt, tsc, tscinvbit, avx, avx2, aes, erms, clmul, bmi1, bmi2, adx, avx512f, avx512dq, avx512cd, avx512bw, avx512vl, sha, fma, vzeroupper, avx512_vpopcntdq, avx512_vpclmulqdq, avx512_vaes, avx512_vnni, clflush, clflushopt, clwb, avx512_vbmi2, avx512_vbmi, hv

Memory: 4k page, system-wide physical 32513M (11860M free)
TotalPageFile size 34513M (AvailPageFile size 505M)
current process WorkingSet (physical memory assigned to process): 12M, peak: 12M
current process commit charge ("private bytes"): 60M, peak: 572M

vm_info: Java HotSpot(TM) 64-Bit Server VM (17.0.12+8-LTS-286) for windows-amd64 JRE (17.0.12+8-LTS-286), built on Jun  5 2024 06:46:59 by "mach5one" with MS VC++ 17.6 (VS2022)

END.
