#
# There is insufficient memory for the Java Runtime Environment to continue.
# Native memory allocation (mmap) failed to map 65536 bytes for Failed to commit metaspace.
# Possible reasons:
#   The system is out of physical RAM or swap space
#   The process is running with CompressedOops enabled, and the Java Heap may be blocking the growth of the native heap
# Possible solutions:
#   Reduce memory load on the system
#   Increase physical memory or swap space
#   Check if swap backing store is full
#   Decrease Java heap size (-Xmx/-Xms)
#   Decrease number of Java threads
#   Decrease Java thread stack sizes (-Xss)
#   Set larger code cache with -XX:ReservedCodeCacheSize=
#   JVM is running with Zero Based Compressed Oops mode in which the Java heap is
#     placed in the first 32GB address space. The Java Heap base address is the
#     maximum limit for the native heap growth. Please use -XX:HeapBaseMinAddress
#     to set the Java Heap base and to place the Java Heap above 32GB virtual address.
# This output file may be truncated or incomplete.
#
#  Out of Memory Error (virtualSpaceNode.cpp:110), pid=22340, tid=4396
#
# JRE version: Java(TM) SE Runtime Environment (17.0.12+8) (build 17.0.12+8-LTS-286)
# Java VM: Java HotSpot(TM) 64-Bit Server VM (17.0.12+8-LTS-286, mixed mode, sharing, tiered, compressed oops, compressed class ptrs, g1 gc, windows-amd64)
# No core dump will be written. Minidumps are not enabled by default on client versions of Windows
#

---------------  S U M M A R Y ------------

Command Line: C:\Users\Natali\AppData\Local\Temp\surefire6799875390639314911\surefirebooter-20250221001402041_3.jar C:\Users\Natali\AppData\Local\Temp\surefire6799875390639314911 2025-02-21T00-14-00_433-jvmRun1 surefire-20250221001402041_1tmp surefire_0-20250221001402041_2tmp

Host: 11th Gen Intel(R) Core(TM) i5-1135G7 @ 2.40GHz, 8 cores, 31G,  Windows 11 , 64 bit Build 26100 (10.0.26100.3037)
Time: Fri Feb 21 00:14:08 2025 Russia TZ 4 Standard Time elapsed time: 6.103670 seconds (0d 0h 0m 6s)

---------------  T H R E A D  ---------------

Current thread (0x0000023e70ade460):  JavaThread "main" [_thread_in_vm, id=4396, stack(0x000000d86a100000,0x000000d86a200000)]

Stack: [0x000000d86a100000,0x000000d86a200000]
Native frames: (J=compiled Java code, j=interpreted, Vv=VM code, C=native code)
V  [jvm.dll+0x67a04a]
V  [jvm.dll+0x7da4ed]
V  [jvm.dll+0x7dbe33]
V  [jvm.dll+0x7dc4a3]
V  [jvm.dll+0x24508f]
V  [jvm.dll+0x7d60bb]
V  [jvm.dll+0x6206c6]
V  [jvm.dll+0x62072a]
V  [jvm.dll+0x622f4d]
V  [jvm.dll+0x621086]
V  [jvm.dll+0x23a7d6]
V  [jvm.dll+0x1e8e87]
V  [jvm.dll+0x1dea41]
V  [jvm.dll+0x53f78c]
V  [jvm.dll+0x1ef3ca]
V  [jvm.dll+0x7547ad]
V  [jvm.dll+0x755bc6]
V  [jvm.dll+0x755ef8]
V  [jvm.dll+0x23d13b]
V  [jvm.dll+0x23d38f]
V  [jvm.dll+0x55dba3]
V  [jvm.dll+0x560064]
V  [jvm.dll+0x380b1b]
V  [jvm.dll+0x3805d2]
C  0x0000023e07548946

Java frames: (J=compiled Java code, j=interpreted, Vv=VM code)
j  javax.management.MBeanInfo.<init>(Ljava/lang/String;Ljava/lang/String;[Ljavax/management/MBeanAttributeInfo;[Ljavax/management/MBeanConstructorInfo;[Ljavax/management/MBeanOperationInfo;[Ljavax/management/MBeanNotificationInfo;Ljavax/management/Descriptor;)V+32 java.management@17.0.12
j  javax.management.MBeanInfo.<init>(Ljava/lang/String;Ljava/lang/String;[Ljavax/management/MBeanAttributeInfo;[Ljavax/management/MBeanConstructorInfo;[Ljavax/management/MBeanOperationInfo;[Ljavax/management/MBeanNotificationInfo;)V+11 java.management@17.0.12
j  com.sun.jmx.mbeanserver.MBeanServerDelegateImpl.<init>()V+22 java.management@17.0.12
j  com.sun.jmx.mbeanserver.JmxMBeanServer.newMBeanServerDelegate()Ljavax/management/MBeanServerDelegate;+4 java.management@17.0.12
j  javax.management.MBeanServerBuilder.newMBeanServerDelegate()Ljavax/management/MBeanServerDelegate;+0 java.management@17.0.12
j  javax.management.MBeanServerFactory.newMBeanServer(Ljava/lang/String;)Ljavax/management/MBeanServer;+14 java.management@17.0.12
j  javax.management.MBeanServerFactory.createMBeanServer(Ljava/lang/String;)Ljavax/management/MBeanServer;+6 java.management@17.0.12
j  javax.management.MBeanServerFactory.createMBeanServer()Ljavax/management/MBeanServer;+1 java.management@17.0.12
j  java.lang.management.ManagementFactory.getPlatformMBeanServer()Ljavax/management/MBeanServer;+29 java.management@17.0.12
j  org.apache.kafka.common.metrics.JmxReporter.unregister(Lorg/apache/kafka/common/metrics/JmxReporter$KafkaMbean;)V+0
j  org.apache.kafka.common.metrics.JmxReporter.reregister(Lorg/apache/kafka/common/metrics/JmxReporter$KafkaMbean;)V+2
j  org.apache.kafka.common.metrics.JmxReporter.metricChange(Lorg/apache/kafka/common/metrics/KafkaMetric;)V+43
j  org.apache.kafka.common.metrics.Metrics.registerMetric(Lorg/apache/kafka/common/metrics/KafkaMetric;)Lorg/apache/kafka/common/metrics/KafkaMetric;+62
j  org.apache.kafka.common.metrics.Metrics.addMetric(Lorg/apache/kafka/common/MetricName;Lorg/apache/kafka/common/metrics/MetricConfig;Lorg/apache/kafka/common/metrics/MetricValueProvider;)V+49
j  org.apache.kafka.common.metrics.Metrics.addMetric(Lorg/apache/kafka/common/MetricName;Lorg/apache/kafka/common/metrics/MetricConfig;Lorg/apache/kafka/common/metrics/Measurable;)V+4
j  org.apache.kafka.common.metrics.Metrics.addMetric(Lorg/apache/kafka/common/MetricName;Lorg/apache/kafka/common/metrics/Measurable;)V+4
j  org.apache.kafka.common.metrics.Metrics.<init>(Lorg/apache/kafka/common/metrics/MetricConfig;Ljava/util/List;Lorg/apache/kafka/common/utils/Time;ZLorg/apache/kafka/common/metrics/MetricsContext;)V+193
j  org.apache.kafka.common.metrics.Metrics.<init>(Lorg/apache/kafka/common/metrics/MetricConfig;Ljava/util/List;Lorg/apache/kafka/common/utils/Time;Lorg/apache/kafka/common/metrics/MetricsContext;)V+7
j  org.apache.kafka.clients.producer.KafkaProducer.<init>(Lorg/apache/kafka/clients/producer/ProducerConfig;Lorg/apache/kafka/common/serialization/Serializer;Lorg/apache/kafka/common/serialization/Serializer;Lorg/apache/kafka/clients/producer/internals/ProducerMetadata;Lorg/apache/kafka/clients/KafkaClient;Lorg/apache/kafka/clients/producer/internals/ProducerInterceptors;Lorg/apache/kafka/common/utils/Time;)V+255
j  org.apache.kafka.clients.producer.KafkaProducer.<init>(Ljava/util/Map;Lorg/apache/kafka/common/serialization/Serializer;Lorg/apache/kafka/common/serialization/Serializer;)V+22
j  org.apache.kafka.clients.producer.KafkaProducer.<init>(Ljava/util/Properties;Lorg/apache/kafka/common/serialization/Serializer;Lorg/apache/kafka/common/serialization/Serializer;)V+7
j  org.apache.kafka.clients.producer.KafkaProducer.<init>(Ljava/util/Properties;)V+4
j  sbp.school.kafka.service.KafkaProdeucerService.<init>(Ljava/util/Properties;)V+70
j  sbp.school.kafka.service.SendingServiceTest$1.<init>(Lsbp/school/kafka/service/SendingServiceTest;Ljava/util/Properties;)V+7
j  sbp.school.kafka.service.SendingServiceTest.sendToKafka()V+8
v  ~StubRoutines::call_stub
j  jdk.internal.reflect.NativeMethodAccessorImpl.invoke0(Ljava/lang/reflect/Method;Ljava/lang/Object;[Ljava/lang/Object;)Ljava/lang/Object;+0 java.base@17.0.12
j  jdk.internal.reflect.NativeMethodAccessorImpl.invoke(Ljava/lang/Object;[Ljava/lang/Object;)Ljava/lang/Object;+133 java.base@17.0.12
j  jdk.internal.reflect.DelegatingMethodAccessorImpl.invoke(Ljava/lang/Object;[Ljava/lang/Object;)Ljava/lang/Object;+6 java.base@17.0.12
j  java.lang.reflect.Method.invoke(Ljava/lang/Object;[Ljava/lang/Object;)Ljava/lang/Object;+59 java.base@17.0.12
j  org.junit.platform.commons.util.ReflectionUtils.invokeMethod(Ljava/lang/reflect/Method;Ljava/lang/Object;[Ljava/lang/Object;)Ljava/lang/Object;+42
j  org.junit.jupiter.engine.execution.MethodInvocation.proceed()Ljava/lang/Object;+16
j  org.junit.jupiter.engine.execution.InvocationInterceptorChain$ValidatingInvocation.proceed()Ljava/lang/Object;+8
j  org.junit.jupiter.engine.extension.TimeoutExtension.intercept(Lorg/junit/jupiter/api/extension/InvocationInterceptor$Invocation;Lorg/junit/jupiter/api/extension/ReflectiveInvocationContext;Lorg/junit/jupiter/api/extension/ExtensionContext;Lorg/junit/jupiter/engine/extension/TimeoutDuration;Lorg/junit/jupiter/engine/extension/TimeoutExtension$TimeoutProvider;)Ljava/lang/Object;+28
j  org.junit.jupiter.engine.extension.TimeoutExtension.interceptTestableMethod(Lorg/junit/jupiter/api/extension/InvocationInterceptor$Invocation;Lorg/junit/jupiter/api/extension/ReflectiveInvocationContext;Lorg/junit/jupiter/api/extension/ExtensionContext;Lorg/junit/jupiter/engine/extension/TimeoutExtension$TimeoutProvider;)Ljava/lang/Object;+31
j  org.junit.jupiter.engine.extension.TimeoutExtension.interceptTestMethod(Lorg/junit/jupiter/api/extension/InvocationInterceptor$Invocation;Lorg/junit/jupiter/api/extension/ReflectiveInvocationContext;Lorg/junit/jupiter/api/extension/ExtensionContext;)V+9
j  org.junit.jupiter.engine.descriptor.TestMethodTestDescriptor$$Lambda$192+0x0000023e2008a708.apply(Lorg/junit/jupiter/api/extension/InvocationInterceptor;Lorg/junit/jupiter/api/extension/InvocationInterceptor$Invocation;Lorg/junit/jupiter/api/extension/ReflectiveInvocationContext;Lorg/junit/jupiter/api/extension/ExtensionContext;)V+5
j  org.junit.jupiter.engine.execution.InterceptingExecutableInvoker$ReflectiveInterceptorCall.lambda$ofVoidMethod$0(Lorg/junit/jupiter/engine/execution/InterceptingExecutableInvoker$ReflectiveInterceptorCall$VoidMethodInterceptorCall;Lorg/junit/jupiter/api/extension/InvocationInterceptor;Lorg/junit/jupiter/api/extension/InvocationInterceptor$Invocation;Lorg/junit/jupiter/api/extension/ReflectiveInvocationContext;Lorg/junit/jupiter/api/extension/ExtensionContext;)Ljava/lang/Void;+6
j  org.junit.jupiter.engine.execution.InterceptingExecutableInvoker$ReflectiveInterceptorCall$$Lambda$193+0x0000023e2008ab18.apply(Lorg/junit/jupiter/api/extension/InvocationInterceptor;Lorg/junit/jupiter/api/extension/InvocationInterceptor$Invocation;Lorg/junit/jupiter/api/extension/ReflectiveInvocationContext;Lorg/junit/jupiter/api/extension/ExtensionContext;)Ljava/lang/Object;+9
j  org.junit.jupiter.engine.execution.InterceptingExecutableInvoker.lambda$invoke$0(Lorg/junit/jupiter/engine/execution/InterceptingExecutableInvoker$ReflectiveInterceptorCall;Lorg/junit/jupiter/api/extension/ReflectiveInvocationContext;Lorg/junit/jupiter/api/extension/ExtensionContext;Lorg/junit/jupiter/api/extension/InvocationInterceptor;Lorg/junit/jupiter/api/extension/InvocationInterceptor$Invocation;)Ljava/lang/Object;+6
j  org.junit.jupiter.engine.execution.InterceptingExecutableInvoker$$Lambda$380+0x0000023e200ba488.apply(Lorg/junit/jupiter/api/extension/InvocationInterceptor;Lorg/junit/jupiter/api/extension/InvocationInterceptor$Invocation;)Ljava/lang/Object;+14
j  org.junit.jupiter.engine.execution.InvocationInterceptorChain$InterceptedInvocation.proceed()Ljava/lang/Object;+12
j  org.junit.jupiter.engine.execution.InvocationInterceptorChain.proceed(Lorg/junit/jupiter/api/extension/InvocationInterceptor$Invocation;)Ljava/lang/Object;+1
j  org.junit.jupiter.engine.execution.InvocationInterceptorChain.chainAndInvoke(Lorg/junit/jupiter/api/extension/InvocationInterceptor$Invocation;Lorg/junit/jupiter/engine/execution/InvocationInterceptorChain$InterceptorCall;Ljava/util/List;)Ljava/lang/Object;+24
j  org.junit.jupiter.engine.execution.InvocationInterceptorChain.invoke(Lorg/junit/jupiter/api/extension/InvocationInterceptor$Invocation;Lorg/junit/jupiter/engine/extension/ExtensionRegistry;Lorg/junit/jupiter/engine/execution/InvocationInterceptorChain$InterceptorCall;)Ljava/lang/Object;+31
j  org.junit.jupiter.engine.execution.InterceptingExecutableInvoker.invoke(Lorg/junit/jupiter/api/extension/InvocationInterceptor$Invocation;Lorg/junit/jupiter/api/extension/ReflectiveInvocationContext;Lorg/junit/jupiter/api/extension/ExtensionContext;Lorg/junit/jupiter/engine/extension/ExtensionRegistry;Lorg/junit/jupiter/engine/execution/InterceptingExecutableInvoker$ReflectiveInterceptorCall;)Ljava/lang/Object;+15
j  org.junit.jupiter.engine.execution.InterceptingExecutableInvoker.invoke(Ljava/lang/reflect/Method;Ljava/lang/Object;Lorg/junit/jupiter/api/extension/ExtensionContext;Lorg/junit/jupiter/engine/extension/ExtensionRegistry;Lorg/junit/jupiter/engine/execution/InterceptingExecutableInvoker$ReflectiveInterceptorCall;)Ljava/lang/Object;+55
j  org.junit.jupiter.engine.descriptor.TestMethodTestDescriptor.lambda$invokeTestMethod$8(Lorg/junit/jupiter/api/extension/ExtensionContext;Lorg/junit/jupiter/engine/execution/JupiterEngineExecutionContext;)V+28
j  org.junit.jupiter.engine.descriptor.TestMethodTestDescriptor$$Lambda$401+0x0000023e200c10d8.execute()V+12
j  org.junit.platform.engine.support.hierarchical.ThrowableCollector.execute(Lorg/junit/platform/engine/support/hierarchical/ThrowableCollector$Executable;)V+1
j  org.junit.jupiter.engine.descriptor.TestMethodTestDescriptor.invokeTestMethod(Lorg/junit/jupiter/engine/execution/JupiterEngineExecutionContext;Lorg/junit/platform/engine/support/hierarchical/Node$DynamicTestExecutor;)V+21
j  org.junit.jupiter.engine.descriptor.TestMethodTestDescriptor.execute(Lorg/junit/jupiter/engine/execution/JupiterEngineExecutionContext;Lorg/junit/platform/engine/support/hierarchical/Node$DynamicTestExecutor;)Lorg/junit/jupiter/engine/execution/JupiterEngineExecutionContext;+44
j  org.junit.jupiter.engine.descriptor.TestMethodTestDescriptor.execute(Lorg/junit/platform/engine/support/hierarchical/EngineExecutionContext;Lorg/junit/platform/engine/support/hierarchical/Node$DynamicTestExecutor;)Lorg/junit/platform/engine/support/hierarchical/EngineExecutionContext;+6
j  org.junit.platform.engine.support.hierarchical.NodeTestTask.lambda$executeRecursively$6()V+79
j  org.junit.platform.engine.support.hierarchical.NodeTestTask$$Lambda$299+0x0000023e200aa488.execute()V+4
j  org.junit.platform.engine.support.hierarchical.ThrowableCollector.execute(Lorg/junit/platform/engine/support/hierarchical/ThrowableCollector$Executable;)V+1
j  org.junit.platform.engine.support.hierarchical.NodeTestTask.lambda$executeRecursively$8(Lorg/junit/platform/engine/support/hierarchical/EngineExecutionContext;)V+15
j  org.junit.platform.engine.support.hierarchical.NodeTestTask$$Lambda$298+0x0000023e200aa268.invoke(Lorg/junit/platform/engine/support/hierarchical/EngineExecutionContext;)V+5
j  org.junit.platform.engine.support.hierarchical.Node.around(Lorg/junit/platform/engine/support/hierarchical/EngineExecutionContext;Lorg/junit/platform/engine/support/hierarchical/Node$Invocation;)V+2
j  org.junit.platform.engine.support.hierarchical.NodeTestTask.lambda$executeRecursively$9()V+14
j  org.junit.platform.engine.support.hierarchical.NodeTestTask$$Lambda$297+0x0000023e200a9e50.execute()V+4
j  org.junit.platform.engine.support.hierarchical.ThrowableCollector.execute(Lorg/junit/platform/engine/support/hierarchical/ThrowableCollector$Executable;)V+1
j  org.junit.platform.engine.support.hierarchical.NodeTestTask.executeRecursively()V+31
j  org.junit.platform.engine.support.hierarchical.NodeTestTask.execute()V+55
j  org.junit.platform.engine.support.hierarchical.SameThreadHierarchicalTestExecutorService$$Lambda$303+0x0000023e200aaf78.accept(Ljava/lang/Object;)V+4
j  java.util.ArrayList.forEach(Ljava/util/function/Consumer;)V+46 java.base@17.0.12
j  org.junit.platform.engine.support.hierarchical.SameThreadHierarchicalTestExecutorService.invokeAll(Ljava/util/List;)V+6
j  org.junit.platform.engine.support.hierarchical.NodeTestTask.lambda$executeRecursively$6()V+116
j  org.junit.platform.engine.support.hierarchical.NodeTestTask$$Lambda$299+0x0000023e200aa488.execute()V+4
j  org.junit.platform.engine.support.hierarchical.ThrowableCollector.execute(Lorg/junit/platform/engine/support/hierarchical/ThrowableCollector$Executable;)V+1
j  org.junit.platform.engine.support.hierarchical.NodeTestTask.lambda$executeRecursively$8(Lorg/junit/platform/engine/support/hierarchical/EngineExecutionContext;)V+15
j  org.junit.platform.engine.support.hierarchical.NodeTestTask$$Lambda$298+0x0000023e200aa268.invoke(Lorg/junit/platform/engine/support/hierarchical/EngineExecutionContext;)V+5
j  org.junit.platform.engine.support.hierarchical.Node.around(Lorg/junit/platform/engine/support/hierarchical/EngineExecutionContext;Lorg/junit/platform/engine/support/hierarchical/Node$Invocation;)V+2
j  org.junit.platform.engine.support.hierarchical.NodeTestTask.lambda$executeRecursively$9()V+14
j  org.junit.platform.engine.support.hierarchical.NodeTestTask$$Lambda$297+0x0000023e200a9e50.execute()V+4
j  org.junit.platform.engine.support.hierarchical.ThrowableCollector.execute(Lorg/junit/platform/engine/support/hierarchical/ThrowableCollector$Executable;)V+1
j  org.junit.platform.engine.support.hierarchical.NodeTestTask.executeRecursively()V+31
j  org.junit.platform.engine.support.hierarchical.NodeTestTask.execute()V+55
j  org.junit.platform.engine.support.hierarchical.SameThreadHierarchicalTestExecutorService$$Lambda$303+0x0000023e200aaf78.accept(Ljava/lang/Object;)V+4
j  java.util.ArrayList.forEach(Ljava/util/function/Consumer;)V+46 java.base@17.0.12
j  org.junit.platform.engine.support.hierarchical.SameThreadHierarchicalTestExecutorService.invokeAll(Ljava/util/List;)V+6
j  org.junit.platform.engine.support.hierarchical.NodeTestTask.lambda$executeRecursively$6()V+116
j  org.junit.platform.engine.support.hierarchical.NodeTestTask$$Lambda$299+0x0000023e200aa488.execute()V+4
j  org.junit.platform.engine.support.hierarchical.ThrowableCollector.execute(Lorg/junit/platform/engine/support/hierarchical/ThrowableCollector$Executable;)V+1
j  org.junit.platform.engine.support.hierarchical.NodeTestTask.lambda$executeRecursively$8(Lorg/junit/platform/engine/support/hierarchical/EngineExecutionContext;)V+15
j  org.junit.platform.engine.support.hierarchical.NodeTestTask$$Lambda$298+0x0000023e200aa268.invoke(Lorg/junit/platform/engine/support/hierarchical/EngineExecutionContext;)V+5
j  org.junit.platform.engine.support.hierarchical.Node.around(Lorg/junit/platform/engine/support/hierarchical/EngineExecutionContext;Lorg/junit/platform/engine/support/hierarchical/Node$Invocation;)V+2
j  org.junit.platform.engine.support.hierarchical.NodeTestTask.lambda$executeRecursively$9()V+14
j  org.junit.platform.engine.support.hierarchical.NodeTestTask$$Lambda$297+0x0000023e200a9e50.execute()V+4
j  org.junit.platform.engine.support.hierarchical.ThrowableCollector.execute(Lorg/junit/platform/engine/support/hierarchical/ThrowableCollector$Executable;)V+1
j  org.junit.platform.engine.support.hierarchical.NodeTestTask.executeRecursively()V+31
j  org.junit.platform.engine.support.hierarchical.NodeTestTask.execute()V+55
j  org.junit.platform.engine.support.hierarchical.SameThreadHierarchicalTestExecutorService.submit(Lorg/junit/platform/engine/support/hierarchical/HierarchicalTestExecutorService$TestTask;)Ljava/util/concurrent/Future;+1
j  org.junit.platform.engine.support.hierarchical.HierarchicalTestExecutor.execute()Ljava/util/concurrent/Future;+74
j  org.junit.platform.engine.support.hierarchical.HierarchicalTestEngine.execute(Lorg/junit/platform/engine/ExecutionRequest;)V+31
j  org.junit.platform.launcher.core.EngineExecutionOrchestrator.execute(Lorg/junit/platform/engine/TestDescriptor;Lorg/junit/platform/engine/EngineExecutionListener;Lorg/junit/platform/engine/ConfigurationParameters;Lorg/junit/platform/engine/TestEngine;)V+24
j  org.junit.platform.launcher.core.EngineExecutionOrchestrator.execute(Lorg/junit/platform/launcher/core/LauncherDiscoveryResult;Lorg/junit/platform/engine/EngineExecutionListener;)V+115
j  org.junit.platform.launcher.core.EngineExecutionOrchestrator.execute(Lorg/junit/platform/launcher/core/InternalTestPlan;Lorg/junit/platform/engine/EngineExecutionListener;Lorg/junit/platform/launcher/TestExecutionListener;)V+55
j  org.junit.platform.launcher.core.EngineExecutionOrchestrator.lambda$execute$0(Lorg/junit/platform/launcher/core/InternalTestPlan;Lorg/junit/platform/launcher/TestExecutionListener;)V+6
j  org.junit.platform.launcher.core.EngineExecutionOrchestrator$$Lambda$250+0x0000023e20091460.accept(Ljava/lang/Object;)V+12
j  org.junit.platform.launcher.core.EngineExecutionOrchestrator.withInterceptedStreams(Lorg/junit/platform/engine/ConfigurationParameters;Lorg/junit/platform/launcher/core/ListenerRegistry;Ljava/util/function/Consumer;)V+51
j  org.junit.platform.launcher.core.EngineExecutionOrchestrator.execute(Lorg/junit/platform/launcher/core/InternalTestPlan;[Lorg/junit/platform/launcher/TestExecutionListener;)V+23
j  org.junit.platform.launcher.core.DefaultLauncher.execute(Lorg/junit/platform/launcher/core/InternalTestPlan;[Lorg/junit/platform/launcher/TestExecutionListener;)V+6
j  org.junit.platform.launcher.core.DefaultLauncher.execute(Lorg/junit/platform/launcher/LauncherDiscoveryRequest;[Lorg/junit/platform/launcher/TestExecutionListener;)V+34
j  org.junit.platform.launcher.core.DelegatingLauncher.execute(Lorg/junit/platform/launcher/LauncherDiscoveryRequest;[Lorg/junit/platform/launcher/TestExecutionListener;)V+6
j  org.apache.maven.surefire.junitplatform.LazyLauncher.execute(Lorg/junit/platform/launcher/LauncherDiscoveryRequest;[Lorg/junit/platform/launcher/TestExecutionListener;)V+6
j  org.apache.maven.surefire.junitplatform.JUnitPlatformProvider.execute(Lorg/apache/maven/surefire/api/util/TestsToRun;Lorg/apache/maven/surefire/junitplatform/RunListenerAdapter;)V+70
j  org.apache.maven.surefire.junitplatform.JUnitPlatformProvider.invokeAllTests(Lorg/apache/maven/surefire/api/util/TestsToRun;Lorg/apache/maven/surefire/junitplatform/RunListenerAdapter;)V+3
j  org.apache.maven.surefire.junitplatform.JUnitPlatformProvider.invoke(Ljava/lang/Object;)Lorg/apache/maven/surefire/api/suite/RunResult;+95
j  org.apache.maven.surefire.booter.ForkedBooter.runSuitesInProcess()V+8
j  org.apache.maven.surefire.booter.ForkedBooter.execute()V+1
j  org.apache.maven.surefire.booter.ForkedBooter.run(Lorg/apache/maven/surefire/booter/ForkedBooter;[Ljava/lang/String;)V+27
j  org.apache.maven.surefire.booter.ForkedBooter.main([Ljava/lang/String;)V+10
v  ~StubRoutines::call_stub

---------------  P R O C E S S  ---------------

Threads class SMR info:
_java_thread_list=0x0000023e6550a0d0, length=14, elements={
0x0000023e70ade460, 0x0000023e7da5b990, 0x0000023e7da5c460, 0x0000023e7da70490,
0x0000023e7da73170, 0x0000023e7da74a50, 0x0000023e7da75320, 0x0000023e7da77fe0,
0x0000023e7da889b0, 0x0000023e7da912d0, 0x0000023e60191c80, 0x0000023e601926a0,
0x0000023e60190d50, 0x0000023e60192bb0
}

Java Threads: ( => current thread )
=>0x0000023e70ade460 JavaThread "main" [_thread_in_vm, id=4396, stack(0x000000d86a100000,0x000000d86a200000)]
  0x0000023e7da5b990 JavaThread "Reference Handler" daemon [_thread_blocked, id=1556, stack(0x000000d86a800000,0x000000d86a900000)]
  0x0000023e7da5c460 JavaThread "Finalizer" daemon [_thread_blocked, id=11640, stack(0x000000d86a900000,0x000000d86aa00000)]
  0x0000023e7da70490 JavaThread "Signal Dispatcher" daemon [_thread_blocked, id=19088, stack(0x000000d86aa00000,0x000000d86ab00000)]
  0x0000023e7da73170 JavaThread "Attach Listener" daemon [_thread_blocked, id=21144, stack(0x000000d86ab00000,0x000000d86ac00000)]
  0x0000023e7da74a50 JavaThread "Service Thread" daemon [_thread_blocked, id=27512, stack(0x000000d86ac00000,0x000000d86ad00000)]
  0x0000023e7da75320 JavaThread "Monitor Deflation Thread" daemon [_thread_blocked, id=18284, stack(0x000000d86ad00000,0x000000d86ae00000)]
  0x0000023e7da77fe0 JavaThread "C2 CompilerThread0" daemon [_thread_blocked, id=22668, stack(0x000000d86ae00000,0x000000d86af00000)]
  0x0000023e7da889b0 JavaThread "C1 CompilerThread0" daemon [_thread_in_vm, id=23140, stack(0x000000d86af00000,0x000000d86b000000)]
  0x0000023e7da912d0 JavaThread "Sweeper thread" daemon [_thread_blocked, id=23496, stack(0x000000d86b000000,0x000000d86b100000)]
  0x0000023e60191c80 JavaThread "Notification Thread" daemon [_thread_blocked, id=24436, stack(0x000000d86b100000,0x000000d86b200000)]
  0x0000023e601926a0 JavaThread "Common-Cleaner" daemon [_thread_blocked, id=27108, stack(0x000000d86b300000,0x000000d86b400000)]
  0x0000023e60190d50 JavaThread "surefire-forkedjvm-stream-flusher" daemon [_thread_blocked, id=27296, stack(0x000000d86b500000,0x000000d86b600000)]
  0x0000023e60192bb0 JavaThread "surefire-forkedjvm-command-thread" daemon [_thread_in_native, id=12900, stack(0x000000d86b600000,0x000000d86b700000)]

Other Threads:
  0x0000023e7da57fe0 VMThread "VM Thread" [stack: 0x000000d86a700000,0x000000d86a800000] [id=23988] _threads_hazard_ptr=0x0000023e6550a0d0
  0x0000023e60194700 WatcherThread [stack: 0x000000d86b200000,0x000000d86b300000] [id=2012]
  0x0000023e70b8b1a0 GCTaskThread "GC Thread#0" [stack: 0x000000d86a200000,0x000000d86a300000] [id=6388]
  0x0000023e609bba40 GCTaskThread "GC Thread#1" [stack: 0x000000d86b700000,0x000000d86b800000] [id=26300]
  0x0000023e60a574a0 GCTaskThread "GC Thread#2" [stack: 0x000000d86b800000,0x000000d86b900000] [id=20060]
  0x0000023e60a57760 GCTaskThread "GC Thread#3" [stack: 0x000000d86b900000,0x000000d86ba00000] [id=26716]
  0x0000023e60a062b0 GCTaskThread "GC Thread#4" [stack: 0x000000d86ba00000,0x000000d86bb00000] [id=26268]
  0x0000023e60a06570 GCTaskThread "GC Thread#5" [stack: 0x000000d86bb00000,0x000000d86bc00000] [id=11888]
  0x0000023e60a06830 GCTaskThread "GC Thread#6" [stack: 0x000000d86bc00000,0x000000d86bd00000] [id=1876]
  0x0000023e60a1c020 GCTaskThread "GC Thread#7" [stack: 0x000000d86bd00000,0x000000d86be00000] [id=21872]
  0x0000023e70b9cae0 ConcurrentGCThread "G1 Main Marker" [stack: 0x000000d86a300000,0x000000d86a400000] [id=19220]
  0x0000023e70b9e2b0 ConcurrentGCThread "G1 Conc#0" [stack: 0x000000d86a400000,0x000000d86a500000] [id=27496]
  0x0000023e7d994580 ConcurrentGCThread "G1 Refine#0" [stack: 0x000000d86a500000,0x000000d86a600000] [id=26872]
  0x0000023e7d994d60 ConcurrentGCThread "G1 Service" [stack: 0x000000d86a600000,0x000000d86a700000] [id=20756]

Threads with active compile tasks:
C1 CompilerThread0     6116 1534       3       java.util.concurrent.locks.AbstractQueuedSynchronizer::compareAndSetState (13 bytes)

VM state: synchronizing (normal execution)

VM Mutex/Monitor currently owned by a thread:  ([mutex/lock_event])
[0x0000023e70ada3d0] Metaspace_lock - owner thread: 0x0000023e70ade460
[0x0000023e70adbb70] Threads_lock - owner thread: 0x0000023e7da57fe0
[0x0000023e70adc350] MethodData_lock - owner thread: 0x0000023e7da889b0

Heap address: 0x0000000603c00000, size: 8132 MB, Compressed Oops mode: Zero based, Oop shift amount: 3

CDS archive(s) mapped at: [0x0000023e1f000000-0x0000023e1fbd0000-0x0000023e1fbd0000), size 12386304, SharedBaseAddress: 0x0000023e1f000000, ArchiveRelocationMode: 1.
Compressed class space mapped at: 0x0000023e20000000-0x0000023e60000000, reserved size: 1073741824
Narrow klass base: 0x0000023e1f000000, Narrow klass shift: 0, Narrow klass range: 0x100000000

GC Precious Log:
 CPUs: 8 total, 8 available
 Memory: 32513M
 Large Page Support: Disabled
 NUMA Support: Disabled
 Compressed Oops: Enabled (Zero based)
 Heap Region Size: 4M
 Heap Min Capacity: 8M
 Heap Initial Capacity: 512M
 Heap Max Capacity: 8132M
 Pre-touch: Disabled
 Parallel Workers: 8
 Concurrent Workers: 2
 Concurrent Refinement Workers: 8
 Periodic GC: Disabled

Heap:
 garbage-first heap   total 524288K, used 9592K [0x0000000603c00000, 0x0000000800000000)
  region size 4096K, 3 young (12288K), 1 survivors (4096K)
 Metaspace       used 12753K, committed 12928K, reserved 1114112K
  class space    used 1577K, committed 1664K, reserved 1048576K

Heap Regions: E=young(eden), S=young(survivor), O=old, HS=humongous(starts), HC=humongous(continues), CS=collection set, F=free, OA=open archive, CA=closed archive, TAMS=top-at-mark-start (previous, next)
|   0|0x0000000603c00000, 0x0000000604000000, 0x0000000604000000|100%| O|  |TAMS 0x0000000603c00000, 0x0000000603c00000| Untracked 
|   1|0x0000000604000000, 0x0000000604070c00, 0x0000000604400000| 11%| O|  |TAMS 0x0000000604000000, 0x0000000604000000| Untracked 
|   2|0x0000000604400000, 0x0000000604400000, 0x0000000604800000|  0%| F|  |TAMS 0x0000000604400000, 0x0000000604400000| Untracked 
|   3|0x0000000604800000, 0x0000000604800000, 0x0000000604c00000|  0%| F|  |TAMS 0x0000000604800000, 0x0000000604800000| Untracked 
|   4|0x0000000604c00000, 0x0000000604c00000, 0x0000000605000000|  0%| F|  |TAMS 0x0000000604c00000, 0x0000000604c00000| Untracked 
|   5|0x0000000605000000, 0x0000000605000000, 0x0000000605400000|  0%| F|  |TAMS 0x0000000605000000, 0x0000000605000000| Untracked 
|   6|0x0000000605400000, 0x0000000605400000, 0x0000000605800000|  0%| F|  |TAMS 0x0000000605400000, 0x0000000605400000| Untracked 
|   7|0x0000000605800000, 0x0000000605800000, 0x0000000605c00000|  0%| F|  |TAMS 0x0000000605800000, 0x0000000605800000| Untracked 
|   8|0x0000000605c00000, 0x0000000605c00000, 0x0000000606000000|  0%| F|  |TAMS 0x0000000605c00000, 0x0000000605c00000| Untracked 
|   9|0x0000000606000000, 0x0000000606000000, 0x0000000606400000|  0%| F|  |TAMS 0x0000000606000000, 0x0000000606000000| Untracked 
|  10|0x0000000606400000, 0x0000000606400000, 0x0000000606800000|  0%| F|  |TAMS 0x0000000606400000, 0x0000000606400000| Untracked 
|  11|0x0000000606800000, 0x0000000606800000, 0x0000000606c00000|  0%| F|  |TAMS 0x0000000606800000, 0x0000000606800000| Untracked 
|  12|0x0000000606c00000, 0x0000000606c00000, 0x0000000607000000|  0%| F|  |TAMS 0x0000000606c00000, 0x0000000606c00000| Untracked 
|  13|0x0000000607000000, 0x0000000607000000, 0x0000000607400000|  0%| F|  |TAMS 0x0000000607000000, 0x0000000607000000| Untracked 
|  14|0x0000000607400000, 0x0000000607400000, 0x0000000607800000|  0%| F|  |TAMS 0x0000000607400000, 0x0000000607400000| Untracked 
|  15|0x0000000607800000, 0x0000000607800000, 0x0000000607c00000|  0%| F|  |TAMS 0x0000000607800000, 0x0000000607800000| Untracked 
|  16|0x0000000607c00000, 0x0000000607c00000, 0x0000000608000000|  0%| F|  |TAMS 0x0000000607c00000, 0x0000000607c00000| Untracked 
|  17|0x0000000608000000, 0x0000000608000000, 0x0000000608400000|  0%| F|  |TAMS 0x0000000608000000, 0x0000000608000000| Untracked 
|  18|0x0000000608400000, 0x0000000608400000, 0x0000000608800000|  0%| F|  |TAMS 0x0000000608400000, 0x0000000608400000| Untracked 
|  19|0x0000000608800000, 0x0000000608800000, 0x0000000608c00000|  0%| F|  |TAMS 0x0000000608800000, 0x0000000608800000| Untracked 
|  20|0x0000000608c00000, 0x0000000608c00000, 0x0000000609000000|  0%| F|  |TAMS 0x0000000608c00000, 0x0000000608c00000| Untracked 
|  21|0x0000000609000000, 0x0000000609000000, 0x0000000609400000|  0%| F|  |TAMS 0x0000000609000000, 0x0000000609000000| Untracked 
|  22|0x0000000609400000, 0x0000000609400000, 0x0000000609800000|  0%| F|  |TAMS 0x0000000609400000, 0x0000000609400000| Untracked 
|  23|0x0000000609800000, 0x0000000609800000, 0x0000000609c00000|  0%| F|  |TAMS 0x0000000609800000, 0x0000000609800000| Untracked 
|  24|0x0000000609c00000, 0x0000000609c00000, 0x000000060a000000|  0%| F|  |TAMS 0x0000000609c00000, 0x0000000609c00000| Untracked 
|  25|0x000000060a000000, 0x000000060a000000, 0x000000060a400000|  0%| F|  |TAMS 0x000000060a000000, 0x000000060a000000| Untracked 
|  26|0x000000060a400000, 0x000000060a400000, 0x000000060a800000|  0%| F|  |TAMS 0x000000060a400000, 0x000000060a400000| Untracked 
|  27|0x000000060a800000, 0x000000060a800000, 0x000000060ac00000|  0%| F|  |TAMS 0x000000060a800000, 0x000000060a800000| Untracked 
|  28|0x000000060ac00000, 0x000000060ac00000, 0x000000060b000000|  0%| F|  |TAMS 0x000000060ac00000, 0x000000060ac00000| Untracked 
|  29|0x000000060b000000, 0x000000060b000000, 0x000000060b400000|  0%| F|  |TAMS 0x000000060b000000, 0x000000060b000000| Untracked 
|  30|0x000000060b400000, 0x000000060b400000, 0x000000060b800000|  0%| F|  |TAMS 0x000000060b400000, 0x000000060b400000| Untracked 
|  31|0x000000060b800000, 0x000000060b800000, 0x000000060bc00000|  0%| F|  |TAMS 0x000000060b800000, 0x000000060b800000| Untracked 
|  32|0x000000060bc00000, 0x000000060bc00000, 0x000000060c000000|  0%| F|  |TAMS 0x000000060bc00000, 0x000000060bc00000| Untracked 
|  33|0x000000060c000000, 0x000000060c000000, 0x000000060c400000|  0%| F|  |TAMS 0x000000060c000000, 0x000000060c000000| Untracked 
|  34|0x000000060c400000, 0x000000060c400000, 0x000000060c800000|  0%| F|  |TAMS 0x000000060c400000, 0x000000060c400000| Untracked 
|  35|0x000000060c800000, 0x000000060c800000, 0x000000060cc00000|  0%| F|  |TAMS 0x000000060c800000, 0x000000060c800000| Untracked 
|  36|0x000000060cc00000, 0x000000060cc00000, 0x000000060d000000|  0%| F|  |TAMS 0x000000060cc00000, 0x000000060cc00000| Untracked 
|  37|0x000000060d000000, 0x000000060d000000, 0x000000060d400000|  0%| F|  |TAMS 0x000000060d000000, 0x000000060d000000| Untracked 
|  38|0x000000060d400000, 0x000000060d400000, 0x000000060d800000|  0%| F|  |TAMS 0x000000060d400000, 0x000000060d400000| Untracked 
|  39|0x000000060d800000, 0x000000060d800000, 0x000000060dc00000|  0%| F|  |TAMS 0x000000060d800000, 0x000000060d800000| Untracked 
|  40|0x000000060dc00000, 0x000000060dc00000, 0x000000060e000000|  0%| F|  |TAMS 0x000000060dc00000, 0x000000060dc00000| Untracked 
|  41|0x000000060e000000, 0x000000060e000000, 0x000000060e400000|  0%| F|  |TAMS 0x000000060e000000, 0x000000060e000000| Untracked 
|  42|0x000000060e400000, 0x000000060e400000, 0x000000060e800000|  0%| F|  |TAMS 0x000000060e400000, 0x000000060e400000| Untracked 
|  43|0x000000060e800000, 0x000000060e800000, 0x000000060ec00000|  0%| F|  |TAMS 0x000000060e800000, 0x000000060e800000| Untracked 
|  44|0x000000060ec00000, 0x000000060ec00000, 0x000000060f000000|  0%| F|  |TAMS 0x000000060ec00000, 0x000000060ec00000| Untracked 
|  45|0x000000060f000000, 0x000000060f000000, 0x000000060f400000|  0%| F|  |TAMS 0x000000060f000000, 0x000000060f000000| Untracked 
|  46|0x000000060f400000, 0x000000060f400000, 0x000000060f800000|  0%| F|  |TAMS 0x000000060f400000, 0x000000060f400000| Untracked 
|  47|0x000000060f800000, 0x000000060f800000, 0x000000060fc00000|  0%| F|  |TAMS 0x000000060f800000, 0x000000060f800000| Untracked 
|  48|0x000000060fc00000, 0x000000060fc00000, 0x0000000610000000|  0%| F|  |TAMS 0x000000060fc00000, 0x000000060fc00000| Untracked 
|  49|0x0000000610000000, 0x0000000610000000, 0x0000000610400000|  0%| F|  |TAMS 0x0000000610000000, 0x0000000610000000| Untracked 
|  50|0x0000000610400000, 0x0000000610400000, 0x0000000610800000|  0%| F|  |TAMS 0x0000000610400000, 0x0000000610400000| Untracked 
|  51|0x0000000610800000, 0x0000000610800000, 0x0000000610c00000|  0%| F|  |TAMS 0x0000000610800000, 0x0000000610800000| Untracked 
|  52|0x0000000610c00000, 0x0000000610c00000, 0x0000000611000000|  0%| F|  |TAMS 0x0000000610c00000, 0x0000000610c00000| Untracked 
|  53|0x0000000611000000, 0x0000000611000000, 0x0000000611400000|  0%| F|  |TAMS 0x0000000611000000, 0x0000000611000000| Untracked 
|  54|0x0000000611400000, 0x0000000611400000, 0x0000000611800000|  0%| F|  |TAMS 0x0000000611400000, 0x0000000611400000| Untracked 
|  55|0x0000000611800000, 0x0000000611800000, 0x0000000611c00000|  0%| F|  |TAMS 0x0000000611800000, 0x0000000611800000| Untracked 
|  56|0x0000000611c00000, 0x0000000611c00000, 0x0000000612000000|  0%| F|  |TAMS 0x0000000611c00000, 0x0000000611c00000| Untracked 
|  57|0x0000000612000000, 0x0000000612000000, 0x0000000612400000|  0%| F|  |TAMS 0x0000000612000000, 0x0000000612000000| Untracked 
|  58|0x0000000612400000, 0x0000000612400000, 0x0000000612800000|  0%| F|  |TAMS 0x0000000612400000, 0x0000000612400000| Untracked 
|  59|0x0000000612800000, 0x0000000612800000, 0x0000000612c00000|  0%| F|  |TAMS 0x0000000612800000, 0x0000000612800000| Untracked 
|  60|0x0000000612c00000, 0x0000000612c00000, 0x0000000613000000|  0%| F|  |TAMS 0x0000000612c00000, 0x0000000612c00000| Untracked 
|  61|0x0000000613000000, 0x0000000613000000, 0x0000000613400000|  0%| F|  |TAMS 0x0000000613000000, 0x0000000613000000| Untracked 
|  62|0x0000000613400000, 0x0000000613400000, 0x0000000613800000|  0%| F|  |TAMS 0x0000000613400000, 0x0000000613400000| Untracked 
|  63|0x0000000613800000, 0x0000000613800000, 0x0000000613c00000|  0%| F|  |TAMS 0x0000000613800000, 0x0000000613800000| Untracked 
|  64|0x0000000613c00000, 0x0000000613c00000, 0x0000000614000000|  0%| F|  |TAMS 0x0000000613c00000, 0x0000000613c00000| Untracked 
|  65|0x0000000614000000, 0x0000000614000000, 0x0000000614400000|  0%| F|  |TAMS 0x0000000614000000, 0x0000000614000000| Untracked 
|  66|0x0000000614400000, 0x0000000614400000, 0x0000000614800000|  0%| F|  |TAMS 0x0000000614400000, 0x0000000614400000| Untracked 
|  67|0x0000000614800000, 0x0000000614800000, 0x0000000614c00000|  0%| F|  |TAMS 0x0000000614800000, 0x0000000614800000| Untracked 
|  68|0x0000000614c00000, 0x0000000614c00000, 0x0000000615000000|  0%| F|  |TAMS 0x0000000614c00000, 0x0000000614c00000| Untracked 
|  69|0x0000000615000000, 0x0000000615000000, 0x0000000615400000|  0%| F|  |TAMS 0x0000000615000000, 0x0000000615000000| Untracked 
|  70|0x0000000615400000, 0x0000000615400000, 0x0000000615800000|  0%| F|  |TAMS 0x0000000615400000, 0x0000000615400000| Untracked 
|  71|0x0000000615800000, 0x0000000615800000, 0x0000000615c00000|  0%| F|  |TAMS 0x0000000615800000, 0x0000000615800000| Untracked 
|  72|0x0000000615c00000, 0x0000000615c00000, 0x0000000616000000|  0%| F|  |TAMS 0x0000000615c00000, 0x0000000615c00000| Untracked 
|  73|0x0000000616000000, 0x0000000616000000, 0x0000000616400000|  0%| F|  |TAMS 0x0000000616000000, 0x0000000616000000| Untracked 
|  74|0x0000000616400000, 0x0000000616400000, 0x0000000616800000|  0%| F|  |TAMS 0x0000000616400000, 0x0000000616400000| Untracked 
|  75|0x0000000616800000, 0x0000000616800000, 0x0000000616c00000|  0%| F|  |TAMS 0x0000000616800000, 0x0000000616800000| Untracked 
|  76|0x0000000616c00000, 0x0000000616c00000, 0x0000000617000000|  0%| F|  |TAMS 0x0000000616c00000, 0x0000000616c00000| Untracked 
|  77|0x0000000617000000, 0x0000000617000000, 0x0000000617400000|  0%| F|  |TAMS 0x0000000617000000, 0x0000000617000000| Untracked 
|  78|0x0000000617400000, 0x0000000617400000, 0x0000000617800000|  0%| F|  |TAMS 0x0000000617400000, 0x0000000617400000| Untracked 
|  79|0x0000000617800000, 0x0000000617800000, 0x0000000617c00000|  0%| F|  |TAMS 0x0000000617800000, 0x0000000617800000| Untracked 
|  80|0x0000000617c00000, 0x0000000617c00000, 0x0000000618000000|  0%| F|  |TAMS 0x0000000617c00000, 0x0000000617c00000| Untracked 
|  81|0x0000000618000000, 0x0000000618000000, 0x0000000618400000|  0%| F|  |TAMS 0x0000000618000000, 0x0000000618000000| Untracked 
|  82|0x0000000618400000, 0x0000000618400000, 0x0000000618800000|  0%| F|  |TAMS 0x0000000618400000, 0x0000000618400000| Untracked 
|  83|0x0000000618800000, 0x0000000618800000, 0x0000000618c00000|  0%| F|  |TAMS 0x0000000618800000, 0x0000000618800000| Untracked 
|  84|0x0000000618c00000, 0x0000000618c00000, 0x0000000619000000|  0%| F|  |TAMS 0x0000000618c00000, 0x0000000618c00000| Untracked 
|  85|0x0000000619000000, 0x0000000619000000, 0x0000000619400000|  0%| F|  |TAMS 0x0000000619000000, 0x0000000619000000| Untracked 
|  86|0x0000000619400000, 0x0000000619400000, 0x0000000619800000|  0%| F|  |TAMS 0x0000000619400000, 0x0000000619400000| Untracked 
|  87|0x0000000619800000, 0x0000000619800000, 0x0000000619c00000|  0%| F|  |TAMS 0x0000000619800000, 0x0000000619800000| Untracked 
|  88|0x0000000619c00000, 0x0000000619c00000, 0x000000061a000000|  0%| F|  |TAMS 0x0000000619c00000, 0x0000000619c00000| Untracked 
|  89|0x000000061a000000, 0x000000061a000000, 0x000000061a400000|  0%| F|  |TAMS 0x000000061a000000, 0x000000061a000000| Untracked 
|  90|0x000000061a400000, 0x000000061a400000, 0x000000061a800000|  0%| F|  |TAMS 0x000000061a400000, 0x000000061a400000| Untracked 
|  91|0x000000061a800000, 0x000000061a800000, 0x000000061ac00000|  0%| F|  |TAMS 0x000000061a800000, 0x000000061a800000| Untracked 
|  92|0x000000061ac00000, 0x000000061ac00000, 0x000000061b000000|  0%| F|  |TAMS 0x000000061ac00000, 0x000000061ac00000| Untracked 
|  93|0x000000061b000000, 0x000000061b000000, 0x000000061b400000|  0%| F|  |TAMS 0x000000061b000000, 0x000000061b000000| Untracked 
|  94|0x000000061b400000, 0x000000061b400000, 0x000000061b800000|  0%| F|  |TAMS 0x000000061b400000, 0x000000061b400000| Untracked 
|  95|0x000000061b800000, 0x000000061b800000, 0x000000061bc00000|  0%| F|  |TAMS 0x000000061b800000, 0x000000061b800000| Untracked 
|  96|0x000000061bc00000, 0x000000061bc00000, 0x000000061c000000|  0%| F|  |TAMS 0x000000061bc00000, 0x000000061bc00000| Untracked 
|  97|0x000000061c000000, 0x000000061c000000, 0x000000061c400000|  0%| F|  |TAMS 0x000000061c000000, 0x000000061c000000| Untracked 
|  98|0x000000061c400000, 0x000000061c400000, 0x000000061c800000|  0%| F|  |TAMS 0x000000061c400000, 0x000000061c400000| Untracked 
|  99|0x000000061c800000, 0x000000061c800000, 0x000000061cc00000|  0%| F|  |TAMS 0x000000061c800000, 0x000000061c800000| Untracked 
| 100|0x000000061cc00000, 0x000000061cc00000, 0x000000061d000000|  0%| F|  |TAMS 0x000000061cc00000, 0x000000061cc00000| Untracked 
| 101|0x000000061d000000, 0x000000061d000000, 0x000000061d400000|  0%| F|  |TAMS 0x000000061d000000, 0x000000061d000000| Untracked 
| 102|0x000000061d400000, 0x000000061d400000, 0x000000061d800000|  0%| F|  |TAMS 0x000000061d400000, 0x000000061d400000| Untracked 
| 103|0x000000061d800000, 0x000000061d800000, 0x000000061dc00000|  0%| F|  |TAMS 0x000000061d800000, 0x000000061d800000| Untracked 
| 104|0x000000061dc00000, 0x000000061dc00000, 0x000000061e000000|  0%| F|  |TAMS 0x000000061dc00000, 0x000000061dc00000| Untracked 
| 105|0x000000061e000000, 0x000000061e000000, 0x000000061e400000|  0%| F|  |TAMS 0x000000061e000000, 0x000000061e000000| Untracked 
| 106|0x000000061e400000, 0x000000061e400000, 0x000000061e800000|  0%| F|  |TAMS 0x000000061e400000, 0x000000061e400000| Untracked 
| 107|0x000000061e800000, 0x000000061e800000, 0x000000061ec00000|  0%| F|  |TAMS 0x000000061e800000, 0x000000061e800000| Untracked 
| 108|0x000000061ec00000, 0x000000061ec00000, 0x000000061f000000|  0%| F|  |TAMS 0x000000061ec00000, 0x000000061ec00000| Untracked 
| 109|0x000000061f000000, 0x000000061f000000, 0x000000061f400000|  0%| F|  |TAMS 0x000000061f000000, 0x000000061f000000| Untracked 
| 110|0x000000061f400000, 0x000000061f400000, 0x000000061f800000|  0%| F|  |TAMS 0x000000061f400000, 0x000000061f400000| Untracked 
| 111|0x000000061f800000, 0x000000061f800000, 0x000000061fc00000|  0%| F|  |TAMS 0x000000061f800000, 0x000000061f800000| Untracked 
| 112|0x000000061fc00000, 0x000000061fc00000, 0x0000000620000000|  0%| F|  |TAMS 0x000000061fc00000, 0x000000061fc00000| Untracked 
| 113|0x0000000620000000, 0x0000000620000000, 0x0000000620400000|  0%| F|  |TAMS 0x0000000620000000, 0x0000000620000000| Untracked 
| 114|0x0000000620400000, 0x0000000620400000, 0x0000000620800000|  0%| F|  |TAMS 0x0000000620400000, 0x0000000620400000| Untracked 
| 115|0x0000000620800000, 0x0000000620800000, 0x0000000620c00000|  0%| F|  |TAMS 0x0000000620800000, 0x0000000620800000| Untracked 
| 116|0x0000000620c00000, 0x0000000620c00000, 0x0000000621000000|  0%| F|  |TAMS 0x0000000620c00000, 0x0000000620c00000| Untracked 
| 117|0x0000000621000000, 0x0000000621000000, 0x0000000621400000|  0%| F|  |TAMS 0x0000000621000000, 0x0000000621000000| Untracked 
| 118|0x0000000621400000, 0x0000000621400000, 0x0000000621800000|  0%| F|  |TAMS 0x0000000621400000, 0x0000000621400000| Untracked 
| 119|0x0000000621800000, 0x0000000621800000, 0x0000000621c00000|  0%| F|  |TAMS 0x0000000621800000, 0x0000000621800000| Untracked 
| 120|0x0000000621c00000, 0x0000000621c00000, 0x0000000622000000|  0%| F|  |TAMS 0x0000000621c00000, 0x0000000621c00000| Untracked 
| 121|0x0000000622000000, 0x0000000622000000, 0x0000000622400000|  0%| F|  |TAMS 0x0000000622000000, 0x0000000622000000| Untracked 
| 122|0x0000000622400000, 0x00000006224ed740, 0x0000000622800000| 23%| S|CS|TAMS 0x0000000622400000, 0x0000000622400000| Complete 
| 123|0x0000000622800000, 0x0000000622800000, 0x0000000622c00000|  0%| F|  |TAMS 0x0000000622800000, 0x0000000622800000| Untracked 
| 124|0x0000000622c00000, 0x0000000622c00000, 0x0000000623000000|  0%| F|  |TAMS 0x0000000622c00000, 0x0000000622c00000| Untracked 
| 125|0x0000000623000000, 0x0000000623000000, 0x0000000623400000|  0%| F|  |TAMS 0x0000000623000000, 0x0000000623000000| Untracked 
| 126|0x0000000623400000, 0x00000006235150d8, 0x0000000623800000| 27%| E|  |TAMS 0x0000000623400000, 0x0000000623400000| Complete 
| 127|0x0000000623800000, 0x0000000623c00000, 0x0000000623c00000|100%| E|CS|TAMS 0x0000000623800000, 0x0000000623800000| Complete 

Card table byte_map: [0x0000023e796c0000,0x0000023e7a6b0000] _byte_map_base: 0x0000023e766a2000

Marking Bits (Prev, Next): (CMBitMap*) 0x0000023e70b8b6d0, (CMBitMap*) 0x0000023e70b8b710
 Prev Bits: [0x0000023e0f000000, 0x0000023e16f10000)
 Next Bits: [0x0000023e16f10000, 0x0000023e1ee20000)

Polling page: 0x0000023e70240000

Metaspace:

Usage:
  Non-class:     10.91 MB used.
      Class:      1.54 MB used.
       Both:     12.45 MB used.

Virtual space:
  Non-class space:       64.00 MB reserved,      11.00 MB ( 17%) committed,  1 nodes.
      Class space:        1.00 GB reserved,       1.62 MB ( <1%) committed,  1 nodes.
             Both:        1.06 GB reserved,      12.62 MB (  1%) committed. 

Chunk freelists:
   Non-Class:  4.66 MB
       Class:  14.19 MB
        Both:  18.86 MB

MaxMetaspaceSize: unlimited
CompressedClassSpaceSize: 1.00 GB
Initial GC threshold: 21.00 MB
Current GC threshold: 21.00 MB
CDS: on
MetaspaceReclaimPolicy: balanced
 - commit_granule_bytes: 65536.
 - commit_granule_words: 8192.
 - virtual_space_node_default_size: 8388608.
 - enlarge_chunks_in_place: 1.
 - new_chunks_are_fully_committed: 0.
 - uncommit_free_chunks: 1.
 - use_allocation_guard: 0.
 - handle_deallocations: 1.


Internal statistics:

num_allocs_failed_limit: 0.
num_arena_births: 128.
num_arena_deaths: 0.
num_vsnodes_births: 2.
num_vsnodes_deaths: 0.
num_space_committed: 202.
num_space_uncommitted: 0.
num_chunks_returned_to_freelist: 0.
num_chunks_taken_from_freelist: 550.
num_chunk_merges: 0.
num_chunk_splits: 360.
num_chunks_enlarged: 273.
num_inconsistent_stats: 0.

CodeHeap 'non-profiled nmethods': size=120000Kb used=602Kb max_used=602Kb free=119397Kb
 bounds [0x0000023e07ad0000, 0x0000023e07d40000, 0x0000023e0f000000]
CodeHeap 'profiled nmethods': size=120000Kb used=2966Kb max_used=2966Kb free=117033Kb
 bounds [0x0000023e00000000, 0x0000023e002f0000, 0x0000023e07530000]
CodeHeap 'non-nmethods': size=5760Kb used=1202Kb max_used=1226Kb free=4557Kb
 bounds [0x0000023e07530000, 0x0000023e077a0000, 0x0000023e07ad0000]
 total_blobs=2024 nmethods=1533 adapters=404
 compilation: enabled
              stopped_count=0, restarted_count=0
 full_count=0

Compilation events (20 events):
Event: 3.023 Thread 0x0000023e7da889b0 nmethod 1522 0x0000023e002e0b10 code [0x0000023e002e0de0, 0x0000023e002e1ae8]
Event: 3.024 Thread 0x0000023e653f97d0 1524       4       java.lang.Object::equals (11 bytes)
Event: 3.024 Thread 0x0000023e7da889b0 1523       1       java.util.stream.ReferencePipeline$StatefulOp::opIsStateful (2 bytes)
Event: 3.024 Thread 0x0000023e7da889b0 nmethod 1523 0x0000023e07b65a90 code [0x0000023e07b65c20, 0x0000023e07b65cf8]
Event: 3.024 Thread 0x0000023e653f97d0 nmethod 1524 0x0000023e07b65d90 code [0x0000023e07b65f00, 0x0000023e07b65f98]
Event: 3.025 Thread 0x0000023e7da889b0 1525       3       java.util.stream.ReferencePipeline$3$1::accept (23 bytes)
Event: 3.025 Thread 0x0000023e7da889b0 nmethod 1525 0x0000023e002e1f90 code [0x0000023e002e2140, 0x0000023e002e23f8]
Event: 3.045 Thread 0x0000023e7da889b0 1526       3       java.lang.invoke.MethodHandles$Lookup$ClassOption::optionsToFlag (40 bytes)
Event: 3.046 Thread 0x0000023e7da889b0 nmethod 1526 0x0000023e002e2510 code [0x0000023e002e26e0, 0x0000023e002e2be8]
Event: 3.046 Thread 0x0000023e7da889b0 1527       3       java.lang.invoke.MethodHandles$Lookup$ClassDefiner::defineClass (97 bytes)
Event: 3.046 Thread 0x0000023e7da889b0 nmethod 1527 0x0000023e002e2d90 code [0x0000023e002e3020, 0x0000023e002e3eb8]
Event: 3.046 Thread 0x0000023e7da889b0 1528       3       java.lang.System$2::defineClass (21 bytes)
Event: 3.046 Thread 0x0000023e7da889b0 nmethod 1528 0x0000023e002e4490 code [0x0000023e002e4640, 0x0000023e002e47a8]
Event: 3.047 Thread 0x0000023e7da889b0 1530       3       java.lang.StackStreamFactory$FrameBuffer::isActive (42 bytes)
Event: 3.047 Thread 0x0000023e7da889b0 nmethod 1530 0x0000023e002e4890 code [0x0000023e002e4a20, 0x0000023e002e4c38]
Event: 3.048 Thread 0x0000023e7da889b0 1532       3       java.lang.invoke.MethodHandles$Lookup$ClassDefiner::<init> (58 bytes)
Event: 3.048 Thread 0x0000023e7da889b0 nmethod 1532 0x0000023e002e4d10 code [0x0000023e002e4ec0, 0x0000023e002e5178]
Event: 3.050 Thread 0x0000023e7da889b0 1533       3       java.util.Properties::getProperty (50 bytes)
Event: 3.050 Thread 0x0000023e7da889b0 nmethod 1533 0x0000023e002e5290 code [0x0000023e002e5460, 0x0000023e002e5958]
Event: 4.730 Thread 0x0000023e7da889b0 1534       3       java.util.concurrent.locks.AbstractQueuedSynchronizer::compareAndSetState (13 bytes)

GC Heap History (4 events):
Event: 0.528 GC heap before
{Heap before GC invocations=0 (full 0):
 garbage-first heap   total 524288K, used 20480K [0x0000000603c00000, 0x0000000800000000)
  region size 4096K, 6 young (24576K), 0 survivors (0K)
 Metaspace       used 6267K, committed 6400K, reserved 1114112K
  class space    used 793K, committed 832K, reserved 1048576K
}
Event: 0.531 GC heap after
{Heap after GC invocations=1 (full 0):
 garbage-first heap   total 524288K, used 4569K [0x0000000603c00000, 0x0000000800000000)
  region size 4096K, 1 young (4096K), 1 survivors (4096K)
 Metaspace       used 6267K, committed 6400K, reserved 1114112K
  class space    used 793K, committed 832K, reserved 1048576K
}
Event: 2.919 GC heap before
{Heap before GC invocations=1 (full 0):
 garbage-first heap   total 524288K, used 25049K [0x0000000603c00000, 0x0000000800000000)
  region size 4096K, 6 young (24576K), 1 survivors (4096K)
 Metaspace       used 11083K, committed 11264K, reserved 1114112K
  class space    used 1389K, committed 1472K, reserved 1048576K
}
Event: 2.922 GC heap after
{Heap after GC invocations=2 (full 0):
 garbage-first heap   total 524288K, used 5496K [0x0000000603c00000, 0x0000000800000000)
  region size 4096K, 1 young (4096K), 1 survivors (4096K)
 Metaspace       used 11083K, committed 11264K, reserved 1114112K
  class space    used 1389K, committed 1472K, reserved 1048576K
}

Deoptimization events (20 events):
Event: 0.544 Thread 0x0000023e70ade460 Uncommon trap: trap_request=0xffffff54 fr.pc=0x0000023e07b1a6b0 relative=0x0000000000000d70
Event: 0.544 Thread 0x0000023e70ade460 Uncommon trap: reason=speculate_null_assert action=make_not_entrant pc=0x0000023e07b1a6b0 method=java.util.jar.JarFile.getVersionedEntry(Ljava/lang/String;Ljava/util/jar/JarEntry;)Ljava/util/jar/JarEntry; @ 115 c2
Event: 0.544 Thread 0x0000023e70ade460 DEOPT PACKING pc=0x0000023e07b1a6b0 sp=0x000000d86a1f9010
Event: 0.544 Thread 0x0000023e70ade460 DEOPT UNPACKING pc=0x0000023e07585ba3 sp=0x000000d86a1f8eb0 mode 2
Event: 2.733 Thread 0x0000023e70ade460 Uncommon trap: trap_request=0xffffff54 fr.pc=0x0000023e07b16eec relative=0x000000000000114c
Event: 2.733 Thread 0x0000023e70ade460 Uncommon trap: reason=speculate_null_assert action=make_not_entrant pc=0x0000023e07b16eec method=java.util.jar.JarFile.getVersionedEntry(Ljava/lang/String;Ljava/util/jar/JarEntry;)Ljava/util/jar/JarEntry; @ 115 c2
Event: 2.733 Thread 0x0000023e70ade460 DEOPT PACKING pc=0x0000023e07b16eec sp=0x000000d86a1f8d00
Event: 2.733 Thread 0x0000023e70ade460 DEOPT UNPACKING pc=0x0000023e07585ba3 sp=0x000000d86a1f8c78 mode 2
Event: 2.886 Thread 0x0000023e70ade460 Uncommon trap: trap_request=0xffffff45 fr.pc=0x0000023e07b265c4 relative=0x0000000000000ea4
Event: 2.886 Thread 0x0000023e70ade460 Uncommon trap: reason=unstable_if action=reinterpret pc=0x0000023e07b265c4 method=java.util.concurrent.ConcurrentHashMap.putVal(Ljava/lang/Object;Ljava/lang/Object;Z)Ljava/lang/Object; @ 148 c2
Event: 2.886 Thread 0x0000023e70ade460 DEOPT PACKING pc=0x0000023e07b265c4 sp=0x000000d86a1fae30
Event: 2.886 Thread 0x0000023e70ade460 DEOPT UNPACKING pc=0x0000023e07585ba3 sp=0x000000d86a1fadb0 mode 2
Event: 2.926 Thread 0x0000023e70ade460 Uncommon trap: trap_request=0xffffff45 fr.pc=0x0000023e07b310c8 relative=0x0000000000000328
Event: 2.926 Thread 0x0000023e70ade460 Uncommon trap: reason=unstable_if action=reinterpret pc=0x0000023e07b310c8 method=java.io.WinNTFileSystem.normalize(Ljava/lang/String;)Ljava/lang/String; @ 128 c2
Event: 2.926 Thread 0x0000023e70ade460 DEOPT PACKING pc=0x0000023e07b310c8 sp=0x000000d86a1f98e0
Event: 2.926 Thread 0x0000023e70ade460 DEOPT UNPACKING pc=0x0000023e07585ba3 sp=0x000000d86a1f9868 mode 2
Event: 2.929 Thread 0x0000023e70ade460 Uncommon trap: trap_request=0xffffff45 fr.pc=0x0000023e07afbae8 relative=0x0000000000000248
Event: 2.929 Thread 0x0000023e70ade460 Uncommon trap: reason=unstable_if action=reinterpret pc=0x0000023e07afbae8 method=java.lang.String.startsWith(Ljava/lang/String;I)Z @ 1 c2
Event: 2.929 Thread 0x0000023e70ade460 DEOPT PACKING pc=0x0000023e07afbae8 sp=0x000000d86a1f89d0
Event: 2.929 Thread 0x0000023e70ade460 DEOPT UNPACKING pc=0x0000023e07585ba3 sp=0x000000d86a1f8938 mode 2

Classes unloaded (0 events):
No events

Classes redefined (0 events):
No events

Internal exceptions (20 events):
Event: 0.415 Thread 0x0000023e70ade460 Exception <a 'java/lang/IncompatibleClassChangeError'{0x00000006229db410}: Found class java.lang.Object, but interface was expected> (0x00000006229db410) 
thrown [s\open\src\hotspot\share\interpreter\linkResolver.cpp, line 826]
Event: 0.418 Thread 0x0000023e70ade460 Exception <a 'java/lang/NoSuchMethodError'{0x00000006229fb768}: 'void java.lang.invoke.DirectMethodHandle$Holder.invokeStatic(java.lang.Object, java.lang.Object, java.lang.Object, java.lang.Object)'> (0x00000006229fb768) 
thrown [s\open\src\hotspot\share\interpreter\linkResolver.cpp, line 759]
Event: 0.429 Thread 0x0000023e70ade460 Exception <a 'java/lang/NoSuchMethodError'{0x0000000622a716f8}: 'int java.lang.invoke.DirectMethodHandle$Holder.invokeStatic(java.lang.Object, java.lang.Object, java.lang.Object, java.lang.Object)'> (0x0000000622a716f8) 
thrown [s\open\src\hotspot\share\interpreter\linkResolver.cpp, line 759]
Event: 0.429 Thread 0x0000023e70ade460 Exception <a 'java/lang/NoSuchMethodError'{0x0000000622a75078}: 'java.lang.Object java.lang.invoke.Invokers$Holder.invokeExact_MT(java.lang.Object, java.lang.Object, java.lang.Object, java.lang.Object, java.lang.Object, java.lang.Object)'> (0x0000000622a75078) 
thrown [s\open\src\hotspot\share\interpreter\linkResolver.cpp, line 759]
Event: 0.430 Thread 0x0000023e70ade460 Exception <a 'java/lang/NoSuchMethodError'{0x0000000622a84bd8}: 'int java.lang.invoke.DirectMethodHandle$Holder.invokeStatic(java.lang.Object, java.lang.Object, java.lang.Object, java.lang.Object, java.lang.Object)'> (0x0000000622a84bd8) 
thrown [s\open\src\hotspot\share\interpreter\linkResolver.cpp, line 759]
Event: 0.436 Thread 0x0000023e70ade460 Exception <a 'java/lang/NoSuchMethodError'{0x0000000622acb450}: 'void java.lang.invoke.DirectMethodHandle$Holder.invokeStaticInit(java.lang.Object)'> (0x0000000622acb450) 
thrown [s\open\src\hotspot\share\interpreter\linkResolver.cpp, line 759]
Event: 0.448 Thread 0x0000023e70ade460 Exception <a 'java/lang/NoSuchMethodError'{0x0000000622b8abc8}: 'void java.lang.invoke.DirectMethodHandle$Holder.invokeStaticInit(java.lang.Object, java.lang.Object, java.lang.Object, java.lang.Object)'> (0x0000000622b8abc8) 
thrown [s\open\src\hotspot\share\interpreter\linkResolver.cpp, line 759]
Event: 0.457 Thread 0x0000023e70ade460 Exception <a 'java/lang/NoSuchMethodError'{0x0000000622406f08}: 'int java.lang.invoke.DirectMethodHandle$Holder.invokeStaticInit(java.lang.Object, java.lang.Object)'> (0x0000000622406f08) 
thrown [s\open\src\hotspot\share\interpreter\linkResolver.cpp, line 759]
Event: 0.479 Thread 0x0000023e70ade460 Exception <a 'java/lang/NoSuchMethodError'{0x0000000622525af0}: 'void java.lang.invoke.DirectMethodHandle$Holder.invokeStatic(java.lang.Object, java.lang.Object)'> (0x0000000622525af0) 
thrown [s\open\src\hotspot\share\interpreter\linkResolver.cpp, line 759]
Event: 0.484 Thread 0x0000023e70ade460 Exception <a 'java/lang/NoSuchMethodError'{0x0000000622577aa0}: 'java.lang.Object java.lang.invoke.DirectMethodHandle$Holder.newInvokeSpecial(java.lang.Object, java.lang.Object, java.lang.Object, java.lang.Object, java.lang.Object, java.lang.Object, java.lang.Object)'> (0x0000000622577aa0) 
thrown [s\open\src\hotspot\share\interpreter\linkResolver.cpp, line 759]
Event: 0.484 Thread 0x0000023e70ade460 Exception <a 'java/lang/NoSuchMethodError'{0x000000062257c658}: 'java.lang.Object java.lang.invoke.Invokers$Holder.linkToTargetMethod(java.lang.Object, java.lang.Object, java.lang.Object, java.lang.Object, java.lang.Object, java.lang.Object, java.lang.Object)'> (0x000000062257c658) 
thrown [s\open\src\hotspot\share\interpreter\linkResolver.cpp, line 759]
Event: 0.485 Thread 0x0000023e70ade460 Exception <a 'java/lang/NoSuchMethodError'{0x000000062258d028}: 'java.lang.Object java.lang.invoke.DirectMethodHandle$Holder.invokeInterface(java.lang.Object, java.lang.Object, java.lang.Object, java.lang.Object, java.lang.Object)'> (0x000000062258d028) 
thrown [s\open\src\hotspot\share\interpreter\linkResolver.cpp, line 759]
Event: 0.485 Thread 0x0000023e70ade460 Exception <a 'java/lang/IncompatibleClassChangeError'{0x0000000622590e20}: Found class java.lang.Object, but interface was expected> (0x0000000622590e20) 
thrown [s\open\src\hotspot\share\interpreter\linkResolver.cpp, line 826]
Event: 0.545 Thread 0x0000023e70ade460 Exception <a 'java/lang/NoSuchMethodError'{0x00000006238f81f0}: 'java.lang.Object java.lang.invoke.DirectMethodHandle$Holder.invokeStatic(java.lang.Object, int, java.lang.Object)'> (0x00000006238f81f0) 
thrown [s\open\src\hotspot\share\interpreter\linkResolver.cpp, line 759]
Event: 0.556 Thread 0x0000023e70ade460 Exception <a 'java/lang/NoSuchMethodError'{0x00000006239990e0}: 'int java.lang.invoke.DirectMethodHandle$Holder.invokeStatic(java.lang.Object)'> (0x00000006239990e0) 
thrown [s\open\src\hotspot\share\interpreter\linkResolver.cpp, line 759]
Event: 0.557 Thread 0x0000023e70ade460 Exception <a 'java/lang/NoSuchMethodError'{0x000000062399ccd8}: 'int java.lang.invoke.DirectMethodHandle$Holder.invokeStaticInit(java.lang.Object)'> (0x000000062399ccd8) 
thrown [s\open\src\hotspot\share\interpreter\linkResolver.cpp, line 759]
Event: 2.705 Thread 0x0000023e70ade460 Exception <a 'java/lang/NoSuchMethodError'{0x000000062315bed8}: 'java.lang.Object java.lang.invoke.DirectMethodHandle$Holder.newInvokeSpecial(java.lang.Object, long, int, java.lang.Object)'> (0x000000062315bed8) 
thrown [s\open\src\hotspot\share\interpreter\linkResolver.cpp, line 759]
Event: 2.935 Thread 0x0000023e70ade460 Exception <a 'java/lang/NoSuchMethodError'{0x000000062385a358}: 'java.lang.Object java.lang.invoke.DirectMethodHandle$Holder.invokeStaticInit(java.lang.Object, int, int, int, int)'> (0x000000062385a358) 
thrown [s\open\src\hotspot\share\interpreter\linkResolver.cpp, line 759]
Event: 2.981 Thread 0x0000023e70ade460 Exception <a 'java/lang/NoSuchMethodError'{0x00000006238f0130}: 'java.lang.Object java.lang.invoke.DirectMethodHandle$Holder.invokeStaticInit(java.lang.Object, java.lang.Object, int, int, int, int)'> (0x00000006238f0130) 
thrown [s\open\src\hotspot\share\interpreter\linkResolver.cpp, line 759]
Event: 3.015 Thread 0x0000023e70ade460 Exception <a 'java/lang/IncompatibleClassChangeError'{0x0000000623a764b0}: Found class java.lang.Object, but interface was expected> (0x0000000623a764b0) 
thrown [s\open\src\hotspot\share\interpreter\linkResolver.cpp, line 826]

VM Operations (20 events):
Event: 0.405 Executing VM operation: HandshakeAllThreads done
Event: 0.488 Executing VM operation: HandshakeAllThreads
Event: 0.488 Executing VM operation: HandshakeAllThreads done
Event: 0.528 Executing VM operation: G1CollectForAllocation
Event: 0.531 Executing VM operation: G1CollectForAllocation done
Event: 0.537 Executing VM operation: HandshakeAllThreads
Event: 0.537 Executing VM operation: HandshakeAllThreads done
Event: 1.541 Executing VM operation: Cleanup
Event: 1.541 Executing VM operation: Cleanup done
Event: 2.556 Executing VM operation: Cleanup
Event: 2.699 Executing VM operation: Cleanup done
Event: 2.882 Executing VM operation: HandshakeAllThreads
Event: 2.882 Executing VM operation: HandshakeAllThreads done
Event: 2.919 Executing VM operation: G1CollectForAllocation
Event: 2.922 Executing VM operation: G1CollectForAllocation done
Event: 2.927 Executing VM operation: HandshakeAllThreads
Event: 2.927 Executing VM operation: HandshakeAllThreads done
Event: 3.932 Executing VM operation: Cleanup
Event: 4.073 Executing VM operation: Cleanup done
Event: 5.087 Executing VM operation: Cleanup

Events (20 events):
Event: 4.074 loading class javax/management/NotificationBroadcasterSupport$1
Event: 4.074 loading class javax/management/NotificationBroadcasterSupport$1 done
Event: 4.074 loading class com/sun/jmx/remote/util/ClassLogger
Event: 4.074 loading class com/sun/jmx/remote/util/ClassLogger done
Event: 4.075 loading class jdk/internal/logger/LazyLoggers
Event: 4.075 loading class jdk/internal/logger/LazyLoggers done
Event: 4.075 loading class jdk/internal/logger/LazyLoggers$1
Event: 4.075 loading class jdk/internal/logger/LazyLoggers$1 done
Event: 4.075 loading class jdk/internal/logger/LazyLoggers$LazyLoggerFactories
Event: 4.075 loading class jdk/internal/logger/LazyLoggers$LazyLoggerFactories done
Event: 4.075 loading class jdk/internal/logger/LoggerFinderLoader
Event: 4.076 loading class jdk/internal/logger/LoggerFinderLoader done
Event: 4.076 loading class jdk/internal/logger/LoggerFinderLoader$TemporaryLoggerFinder
Event: 4.076 loading class jdk/internal/logger/LoggerFinderLoader$TemporaryLoggerFinder done
Event: 4.077 loading class sun/util/logging/internal/LoggingProviderImpl$JULWrapper
Event: 4.077 loading class sun/util/logging/PlatformLogger$ConfigurableBridge$LoggerConfiguration
Event: 4.077 loading class sun/util/logging/PlatformLogger$ConfigurableBridge$LoggerConfiguration done
Event: 4.077 loading class sun/util/logging/internal/LoggingProviderImpl$JULWrapper done
Event: 4.077 loading class javax/management/MBeanOperationInfo
Event: 4.730 Thread 0x0000023e653f97d0 Thread exited: 0x0000023e653f97d0


Dynamic libraries:
0x00007ff74abd0000 - 0x00007ff74abe0000 	C:\Program Files\Java\jdk-17\bin\java.exe
0x00007fff7e900000 - 0x00007fff7eb63000 	C:\WINDOWS\SYSTEM32\ntdll.dll
0x00007fff7dd70000 - 0x00007fff7de37000 	C:\WINDOWS\System32\KERNEL32.DLL
0x00007fff7bd60000 - 0x00007fff7c127000 	C:\WINDOWS\System32\KERNELBASE.dll
0x00007fff7c130000 - 0x00007fff7c27c000 	C:\WINDOWS\System32\ucrtbase.dll
0x00007fff69230000 - 0x00007fff6924b000 	C:\Program Files\Java\jdk-17\bin\VCRUNTIME140.dll
0x00007fff75b50000 - 0x00007fff75b69000 	C:\Program Files\Java\jdk-17\bin\jli.dll
0x00007fff7e7b0000 - 0x00007fff7e864000 	C:\WINDOWS\System32\ADVAPI32.dll
0x00007fff7c800000 - 0x00007fff7c8a9000 	C:\WINDOWS\System32\msvcrt.dll
0x00007fff7dcc0000 - 0x00007fff7dd66000 	C:\WINDOWS\System32\sechost.dll
0x00007fff7e660000 - 0x00007fff7e776000 	C:\WINDOWS\System32\RPCRT4.dll
0x00007fff7da90000 - 0x00007fff7dc59000 	C:\WINDOWS\System32\USER32.dll
0x00007fff46290000 - 0x00007fff46520000 	C:\WINDOWS\WinSxS\amd64_microsoft.windows.common-controls_6595b64144ccf1df_6.0.26100.3037_none_3e09262ce333c378\COMCTL32.dll
0x00007fff7c3c0000 - 0x00007fff7c3e7000 	C:\WINDOWS\System32\win32u.dll
0x00007fff7d020000 - 0x00007fff7d04a000 	C:\WINDOWS\System32\GDI32.dll
0x00007fff7c610000 - 0x00007fff7c73b000 	C:\WINDOWS\System32\gdi32full.dll
0x00007fff7c310000 - 0x00007fff7c3b3000 	C:\WINDOWS\System32\msvcp_win.dll
0x00007fff6fb60000 - 0x00007fff6fb6b000 	C:\WINDOWS\SYSTEM32\VERSION.dll
0x00007fff7c7c0000 - 0x00007fff7c7ef000 	C:\WINDOWS\System32\IMM32.DLL
0x00007fff767c0000 - 0x00007fff767cc000 	C:\Program Files\Java\jdk-17\bin\vcruntime140_1.dll
0x00007fff41080000 - 0x00007fff4110e000 	C:\Program Files\Java\jdk-17\bin\msvcp140.dll
0x00007fff14160000 - 0x00007fff14d40000 	C:\Program Files\Java\jdk-17\bin\server\jvm.dll
0x00007fff7ccb0000 - 0x00007fff7ccb8000 	C:\WINDOWS\System32\PSAPI.DLL
0x00007fff75ca0000 - 0x00007fff75caa000 	C:\WINDOWS\SYSTEM32\WSOCK32.dll
0x00007fff63c90000 - 0x00007fff63cc6000 	C:\WINDOWS\SYSTEM32\WINMM.dll
0x00007fff7c740000 - 0x00007fff7c7b4000 	C:\WINDOWS\System32\WS2_32.dll
0x00007fff7ab80000 - 0x00007fff7ab9a000 	C:\WINDOWS\SYSTEM32\kernel.appcore.dll
0x00007fff68f00000 - 0x00007fff68f0a000 	C:\Program Files\Java\jdk-17\bin\jimage.dll
0x00007fff79560000 - 0x00007fff797a1000 	C:\WINDOWS\SYSTEM32\DBGHELP.DLL
0x00007fff7d270000 - 0x00007fff7d5ee000 	C:\WINDOWS\System32\combase.dll
0x00007fff7cf40000 - 0x00007fff7d016000 	C:\WINDOWS\System32\OLEAUT32.dll
0x00007fff473d0000 - 0x00007fff47409000 	C:\WINDOWS\SYSTEM32\dbgcore.DLL
0x00007fff7c3f0000 - 0x00007fff7c489000 	C:\WINDOWS\System32\bcryptPrimitives.dll
0x00007fff68200000 - 0x00007fff68225000 	C:\Program Files\Java\jdk-17\bin\java.dll
0x00007fff40680000 - 0x00007fff40757000 	C:\Program Files\Java\jdk-17\bin\jsvml.dll
0x00007fff7def0000 - 0x00007fff7e5f4000 	C:\WINDOWS\System32\SHELL32.dll
0x00007fff79970000 - 0x00007fff7a1a7000 	C:\WINDOWS\SYSTEM32\windows.storage.dll
0x00007fff7ccc0000 - 0x00007fff7cda9000 	C:\WINDOWS\System32\SHCORE.dll
0x00007fff7e600000 - 0x00007fff7e65d000 	C:\WINDOWS\System32\shlwapi.dll
0x00007fff7bbb0000 - 0x00007fff7bbde000 	C:\WINDOWS\SYSTEM32\profapi.dll
0x00007fff68ee0000 - 0x00007fff68ef9000 	C:\Program Files\Java\jdk-17\bin\net.dll
0x00007fff760e0000 - 0x00007fff761fe000 	C:\WINDOWS\SYSTEM32\WINHTTP.dll
0x00007fff7b0f0000 - 0x00007fff7b15a000 	C:\WINDOWS\system32\mswsock.dll
0x00007fff67980000 - 0x00007fff67996000 	C:\Program Files\Java\jdk-17\bin\nio.dll
0x00007fff67960000 - 0x00007fff67978000 	C:\Program Files\Java\jdk-17\bin\zip.dll
0x00007fff66a00000 - 0x00007fff66a0a000 	C:\Program Files\Java\jdk-17\bin\management.dll
0x00007fff669f0000 - 0x00007fff669fb000 	C:\Program Files\Java\jdk-17\bin\management_ext.dll
0x00007fff5f780000 - 0x00007fff5f790000 	C:\Program Files\Java\jdk-17\bin\verify.dll
0x00007fff44710000 - 0x00007fff44728000 	C:\WINDOWS\system32\napinsp.dll
0x00007fff7a500000 - 0x00007fff7a625000 	C:\WINDOWS\SYSTEM32\DNSAPI.dll
0x00007fff7a4c0000 - 0x00007fff7a4f2000 	C:\WINDOWS\SYSTEM32\IPHLPAPI.DLL
0x00007fff7d260000 - 0x00007fff7d26a000 	C:\WINDOWS\System32\NSI.dll
0x00007fff44610000 - 0x00007fff44622000 	C:\WINDOWS\System32\winrnr.dll
0x00007fff42f20000 - 0x00007fff42f42000 	C:\WINDOWS\system32\nlansp_c.dll
0x00007fff70fc0000 - 0x00007fff70fd6000 	C:\WINDOWS\system32\wshbth.dll
0x00007fff76e50000 - 0x00007fff76e5b000 	C:\Windows\System32\rasadhlp.dll
0x00007fff77180000 - 0x00007fff77205000 	C:\WINDOWS\System32\fwpuclnt.dll
0x00007fff7b390000 - 0x00007fff7b3ac000 	C:\WINDOWS\SYSTEM32\CRYPTSP.dll
0x00007fff7ab40000 - 0x00007fff7ab78000 	C:\WINDOWS\system32\rsaenh.dll
0x00007fff7b190000 - 0x00007fff7b1bb000 	C:\WINDOWS\SYSTEM32\USERENV.dll
0x00007fff7b5d0000 - 0x00007fff7b5f6000 	C:\WINDOWS\SYSTEM32\bcrypt.dll
0x00007fff7b3b0000 - 0x00007fff7b3bc000 	C:\WINDOWS\SYSTEM32\CRYPTBASE.dll
0x00007fff76f00000 - 0x00007fff76f1f000 	C:\WINDOWS\SYSTEM32\dhcpcsvc6.DLL
0x00007fff76d20000 - 0x00007fff76d45000 	C:\WINDOWS\SYSTEM32\dhcpcsvc.DLL
0x00007fff36600000 - 0x00007fff3671c000 	C:\Users\Natali\AppData\Local\Temp\libzstd-jni-1.5.6-34736186656247653960.dll

dbghelp: loaded successfully - version: 4.0.5 - missing functions: none
symbol engine: initialized successfully - sym options: 0x614 - pdb path: .;C:\Program Files\Java\jdk-17\bin;C:\WINDOWS\SYSTEM32;C:\WINDOWS\WinSxS\amd64_microsoft.windows.common-controls_6595b64144ccf1df_6.0.26100.3037_none_3e09262ce333c378;C:\Program Files\Java\jdk-17\bin\server;C:\Users\Natali\AppData\Local\Temp

VM Arguments:
java_command: C:\Users\Natali\AppData\Local\Temp\surefire6799875390639314911\surefirebooter-20250221001402041_3.jar C:\Users\Natali\AppData\Local\Temp\surefire6799875390639314911 2025-02-21T00-14-00_433-jvmRun1 surefire-20250221001402041_1tmp surefire_0-20250221001402041_2tmp
java_class_path (initial): C:\Users\Natali\AppData\Local\Temp\surefire6799875390639314911\surefirebooter-20250221001402041_3.jar
Launcher Type: SUN_STANDARD

[Global flags]
     intx CICompilerCount                          = 4                                         {product} {ergonomic}
     uint ConcGCThreads                            = 2                                         {product} {ergonomic}
     uint G1ConcRefinementThreads                  = 8                                         {product} {ergonomic}
   size_t G1HeapRegionSize                         = 4194304                                   {product} {ergonomic}
    uintx GCDrainStackTargetSize                   = 64                                        {product} {ergonomic}
   size_t InitialHeapSize                          = 536870912                                 {product} {ergonomic}
   size_t MarkStackSize                            = 4194304                                   {product} {ergonomic}
   size_t MaxHeapSize                              = 8527020032                                {product} {ergonomic}
   size_t MaxNewSize                               = 5112856576                                {product} {ergonomic}
   size_t MinHeapDeltaBytes                        = 4194304                                   {product} {ergonomic}
   size_t MinHeapSize                              = 8388608                                   {product} {ergonomic}
    uintx NonNMethodCodeHeapSize                   = 5839372                                {pd product} {ergonomic}
    uintx NonProfiledCodeHeapSize                  = 122909434                              {pd product} {ergonomic}
    uintx ProfiledCodeHeapSize                     = 122909434                              {pd product} {ergonomic}
    uintx ReservedCodeCacheSize                    = 251658240                              {pd product} {ergonomic}
     bool SegmentedCodeCache                       = true                                      {product} {ergonomic}
   size_t SoftMaxHeapSize                          = 8527020032                             {manageable} {ergonomic}
     bool UseCompressedClassPointers               = true                           {product lp64_product} {ergonomic}
     bool UseCompressedOops                        = true                           {product lp64_product} {ergonomic}
     bool UseG1GC                                  = true                                      {product} {ergonomic}
     bool UseLargePagesIndividualAllocation        = false                                  {pd product} {ergonomic}

Logging:
Log output configuration:
 #0: stdout all=warning uptime,level,tags
 #1: stderr all=off uptime,level,tags

Environment Variables:
PATH=C:\Program Files\Common Files\Oracle\Java\javapath;C:\Program Files (x86)\Common Files\Oracle\Java\javapath;C:\windows\system32;C:\windows;C:\windows\System32\Wbem;C:\windows\System32\WindowsPowerShell\v1.0\;C:\windows\System32\OpenSSH\;C:\Program Files (x86)\NVIDIA Corporation\PhysX\Common;C:\Program Files\NVIDIA Corporation\NVIDIA NvDLISR;C:\WINDOWS\system32;C:\WINDOWS;C:\WINDOWS\System32\Wbem;C:\WINDOWS\System32\WindowsPowerShell\v1.0\;C:\WINDOWS\System32\OpenSSH\;C:\Program Files\Microsoft VS Code\bin;C:\Program Files\PowerShell\7\;C:\Program Files\Git\cmd;C:\Program Files\Docker\Docker\resources\bin;C:\Program Files\MySQL\MySQL Shell 8.0\bin\;C:\Users\Natali\AppData\Local\Microsoft\WindowsApps;;C:\Program Files\JetBrains\IntelliJ IDEA 2024.3\bin;
USERNAME=Natali
OS=Windows_NT
PROCESSOR_IDENTIFIER=Intel64 Family 6 Model 140 Stepping 1, GenuineIntel



---------------  S Y S T E M  ---------------

OS:
 Windows 11 , 64 bit Build 26100 (10.0.26100.3037)
OS uptime: 7 days 21:42 hours
Hyper-V role detected

CPU: total 8 (initial active 8) (4 cores per cpu, 2 threads per core) family 6 model 140 stepping 1 microcode 0xa6, cx8, cmov, fxsr, ht, mmx, 3dnowpref, sse, sse2, sse3, ssse3, sse4.1, sse4.2, popcnt, lzcnt, tsc, tscinvbit, avx, avx2, aes, erms, clmul, bmi1, bmi2, adx, avx512f, avx512dq, avx512cd, avx512bw, avx512vl, sha, fma, vzeroupper, avx512_vpopcntdq, avx512_vpclmulqdq, avx512_vaes, avx512_vnni, clflush, clflushopt, clwb, avx512_vbmi2, avx512_vbmi, hv

Memory: 4k page, system-wide physical 32513M (11805M free)
TotalPageFile size 34513M (AvailPageFile size 6M)
current process WorkingSet (physical memory assigned to process): 97M, peak: 104M
current process commit charge ("private bytes"): 631M, peak: 638M

vm_info: Java HotSpot(TM) 64-Bit Server VM (17.0.12+8-LTS-286) for windows-amd64 JRE (17.0.12+8-LTS-286), built on Jun  5 2024 06:46:59 by "mach5one" with MS VC++ 17.6 (VS2022)

END.
